[0.013s] Invoking command in '/home/lenovo/ultramotive_ws/build/cobot2_new': CMAKE_PREFIX_PATH=/home/lenovo/ultramotive_ws/install/cobot_trial2_description:/home/lenovo/ultramotive_ws/install/cobot2_new:/opt/ros/humble /usr/bin/cmake /home/lenovo/ultramotive_ws/src/cobot2_new -DCMAKE_INSTALL_PREFIX=/home/lenovo/ultramotive_ws/install/cobot2_new
[0.072s] -- The C compiler identification is GNU 11.4.0
[0.133s] -- The CXX compiler identification is GNU 11.4.0
[0.142s] -- Detecting C compiler ABI info
[0.246s] -- Detecting C compiler ABI info - done
[0.259s] -- Check for working C compiler: /usr/bin/cc - skipped
[0.259s] -- Detecting C compile features
[0.260s] -- Detecting C compile features - done
[0.265s] -- Detecting CXX compiler ABI info
[0.370s] -- Detecting CXX compiler ABI info - done
[0.377s] -- Check for working CXX compiler: /usr/bin/c++ - skipped
[0.377s] -- Detecting CXX compile features
[0.378s] -- Detecting CXX compile features - done
[0.381s] -- Found ament_cmake: 1.3.11 (/opt/ros/humble/share/ament_cmake/cmake)
[0.548s] -- Found Python3: /usr/bin/python3 (found version "3.10.12") found components: Interpreter 
[0.706s] -- Configuring done
[0.709s] -- Generating done
[0.710s] -- Build files have been written to: /home/lenovo/ultramotive_ws/build/cobot2_new
[0.715s] Invoked command in '/home/lenovo/ultramotive_ws/build/cobot2_new' returned '0': CMAKE_PREFIX_PATH=/home/lenovo/ultramotive_ws/install/cobot_trial2_description:/home/lenovo/ultramotive_ws/install/cobot2_new:/opt/ros/humble /usr/bin/cmake /home/lenovo/ultramotive_ws/src/cobot2_new -DCMAKE_INSTALL_PREFIX=/home/lenovo/ultramotive_ws/install/cobot2_new
[0.717s] Invoking command in '/home/lenovo/ultramotive_ws/build/cobot2_new': CMAKE_PREFIX_PATH=/home/lenovo/ultramotive_ws/install/cobot_trial2_description:/home/lenovo/ultramotive_ws/install/cobot2_new:/opt/ros/humble /usr/bin/cmake --build /home/lenovo/ultramotive_ws/build/cobot2_new -- -j12 -l12
[0.774s] Invoked command in '/home/lenovo/ultramotive_ws/build/cobot2_new' returned '0': CMAKE_PREFIX_PATH=/home/lenovo/ultramotive_ws/install/cobot_trial2_description:/home/lenovo/ultramotive_ws/install/cobot2_new:/opt/ros/humble /usr/bin/cmake --build /home/lenovo/ultramotive_ws/build/cobot2_new -- -j12 -l12
[0.777s] Invoking command in '/home/lenovo/ultramotive_ws/build/cobot2_new': CMAKE_PREFIX_PATH=/home/lenovo/ultramotive_ws/install/cobot_trial2_description:/home/lenovo/ultramotive_ws/install/cobot2_new:/opt/ros/humble /usr/bin/cmake --install /home/lenovo/ultramotive_ws/build/cobot2_new
[0.784s] -- Install configuration: ""
[0.784s] -- Installing: /home/lenovo/ultramotive_ws/install/cobot2_new/share/ament_index/resource_index/package_run_dependencies/cobot2_new
[0.784s] -- Installing: /home/lenovo/ultramotive_ws/install/cobot2_new/share/ament_index/resource_index/parent_prefix_path/cobot2_new
[0.785s] -- Installing: /home/lenovo/ultramotive_ws/install/cobot2_new/share/cobot2_new/environment/ament_prefix_path.sh
[0.785s] -- Installing: /home/lenovo/ultramotive_ws/install/cobot2_new/share/cobot2_new/environment/ament_prefix_path.dsv
[0.785s] -- Installing: /home/lenovo/ultramotive_ws/install/cobot2_new/share/cobot2_new/environment/path.sh
[0.785s] -- Installing: /home/lenovo/ultramotive_ws/install/cobot2_new/share/cobot2_new/environment/path.dsv
[0.785s] -- Installing: /home/lenovo/ultramotive_ws/install/cobot2_new/share/cobot2_new/local_setup.bash
[0.785s] -- Installing: /home/lenovo/ultramotive_ws/install/cobot2_new/share/cobot2_new/local_setup.sh
[0.785s] -- Installing: /home/lenovo/ultramotive_ws/install/cobot2_new/share/cobot2_new/local_setup.zsh
[0.786s] -- Installing: /home/lenovo/ultramotive_ws/install/cobot2_new/share/cobot2_new/local_setup.dsv
[0.786s] -- Installing: /home/lenovo/ultramotive_ws/install/cobot2_new/share/cobot2_new/package.dsv
[0.786s] -- Installing: /home/lenovo/ultramotive_ws/install/cobot2_new/share/ament_index/resource_index/packages/cobot2_new
[0.786s] -- Installing: /home/lenovo/ultramotive_ws/install/cobot2_new/share/cobot2_new/cmake/cobot2_newConfig.cmake
[0.786s] -- Installing: /home/lenovo/ultramotive_ws/install/cobot2_new/share/cobot2_new/cmake/cobot2_newConfig-version.cmake
[0.786s] -- Installing: /home/lenovo/ultramotive_ws/install/cobot2_new/share/cobot2_new/package.xml
[0.787s] -- Installing: /home/lenovo/ultramotive_ws/install/cobot2_new/share/cobot2_new/launch
[0.787s] -- Installing: /home/lenovo/ultramotive_ws/install/cobot2_new/share/cobot2_new/launch/setup_assistant.launch.py
[0.787s] -- Installing: /home/lenovo/ultramotive_ws/install/cobot2_new/share/cobot2_new/launch/rsp.launch.py
[0.787s] -- Installing: /home/lenovo/ultramotive_ws/install/cobot2_new/share/cobot2_new/launch/moveit_rviz.launch.py
[0.787s] -- Installing: /home/lenovo/ultramotive_ws/install/cobot2_new/share/cobot2_new/launch/temp.launch.py
[0.787s] -- Installing: /home/lenovo/ultramotive_ws/install/cobot2_new/share/cobot2_new/launch/static_virtual_joint_tfs.launch.py
[0.787s] -- Installing: /home/lenovo/ultramotive_ws/install/cobot2_new/share/cobot2_new/launch/gazebo.launch.py
[0.787s] -- Installing: /home/lenovo/ultramotive_ws/install/cobot2_new/share/cobot2_new/launch/move_group.launch.py
[0.787s] -- Installing: /home/lenovo/ultramotive_ws/install/cobot2_new/share/cobot2_new/launch/spawn_controllers.launch.py
[0.788s] -- Installing: /home/lenovo/ultramotive_ws/install/cobot2_new/share/cobot2_new/launch/gazebo_simulation.launch.py
[0.788s] -- Installing: /home/lenovo/ultramotive_ws/install/cobot2_new/share/cobot2_new/launch/warehouse_db.launch.py
[0.788s] -- Installing: /home/lenovo/ultramotive_ws/install/cobot2_new/share/cobot2_new/launch/demo.launch.py
[0.788s] -- Installing: /home/lenovo/ultramotive_ws/install/cobot2_new/share/cobot2_new/launch/final.launch.py
[0.788s] -- Installing: /home/lenovo/ultramotive_ws/install/cobot2_new/share/cobot2_new/config
[0.788s] -- Installing: /home/lenovo/ultramotive_ws/install/cobot2_new/share/cobot2_new/config/pilz_cartesian_limits.yaml
[0.790s] -- Installing: /home/lenovo/ultramotive_ws/install/cobot2_new/share/cobot2_new/config/ros2_controllers.yaml
[0.790s] -- Installing: /home/lenovo/ultramotive_ws/install/cobot2_new/share/cobot2_new/config/joint_limits.yaml
[0.790s] -- Installing: /home/lenovo/ultramotive_ws/install/cobot2_new/share/cobot2_new/config/cobot_trial2.ros2_control.xacro
[0.790s] -- Installing: /home/lenovo/ultramotive_ws/install/cobot2_new/share/cobot2_new/config/kinematics.yaml
[0.790s] -- Installing: /home/lenovo/ultramotive_ws/install/cobot2_new/share/cobot2_new/config/cobot_trial2.urdf.xacro
[0.791s] -- Installing: /home/lenovo/ultramotive_ws/install/cobot2_new/share/cobot2_new/config/sensors_3d.yaml
[0.791s] -- Installing: /home/lenovo/ultramotive_ws/install/cobot2_new/share/cobot2_new/config/moveit_controllers.yaml
[0.791s] -- Installing: /home/lenovo/ultramotive_ws/install/cobot2_new/share/cobot2_new/config/moveit.rviz
[0.791s] -- Installing: /home/lenovo/ultramotive_ws/install/cobot2_new/share/cobot2_new/config/cobot_trial2.srdf
[0.791s] -- Installing: /home/lenovo/ultramotive_ws/install/cobot2_new/share/cobot2_new/config/initial_positions.yaml
[0.792s] -- Installing: /home/lenovo/ultramotive_ws/install/cobot2_new/share/cobot2_new/.setup_assistant
[0.795s] Invoked command in '/home/lenovo/ultramotive_ws/build/cobot2_new' returned '0': CMAKE_PREFIX_PATH=/home/lenovo/ultramotive_ws/install/cobot_trial2_description:/home/lenovo/ultramotive_ws/install/cobot2_new:/opt/ros/humble /usr/bin/cmake --install /home/lenovo/ultramotive_ws/build/cobot2_new
