[0.019s] Invoking command in '/home/lenovo/ultramotive_ws/build/cobot_trial2_description': CMAKE_PREFIX_PATH=${CMAKE_PREFIX_PATH}:/opt/ros/humble /usr/bin/cmake /home/lenovo/ultramotive_ws/src/cobot_trial2_description -DCMAKE_INSTALL_PREFIX=/home/lenovo/ultramotive_ws/install/cobot_trial2_description
[0.130s] -- The C compiler identification is GNU 11.4.0
[0.256s] -- The CXX compiler identification is GNU 11.4.0
[0.272s] -- Detecting C compiler ABI info
[0.407s] -- Detecting C compiler ABI info - done
[0.427s] -- Check for working C compiler: /usr/bin/cc - skipped
[0.428s] -- Detecting C compile features
[0.429s] -- Detecting C compile features - done
[0.437s] -- Detecting CXX compiler ABI info
[0.589s] -- Detecting CXX compiler ABI info - done
[0.609s] -- Check for working CXX compiler: /usr/bin/c++ - skipped
[0.610s] -- Detecting CXX compile features
[0.611s] -- Detecting CXX compile features - done
[0.620s] -- Found ament_cmake: 1.3.11 (/opt/ros/humble/share/ament_cmake/cmake)
[0.873s] -- Found Python3: /usr/bin/python3 (found version "3.10.12") found components: Interpreter 
[1.056s] -- Found rclcpp: 16.0.12 (/opt/ros/humble/share/rclcpp/cmake)
[1.135s] -- Found rosidl_generator_c: 3.1.6 (/opt/ros/humble/share/rosidl_generator_c/cmake)
[1.145s] -- Found rosidl_adapter: 3.1.6 (/opt/ros/humble/share/rosidl_adapter/cmake)
[1.160s] -- Found rosidl_generator_cpp: 3.1.6 (/opt/ros/humble/share/rosidl_generator_cpp/cmake)
[1.181s] -- Using all available rosidl_typesupport_c: rosidl_typesupport_fastrtps_c;rosidl_typesupport_introspection_c
[1.209s] -- Using all available rosidl_typesupport_cpp: rosidl_typesupport_fastrtps_cpp;rosidl_typesupport_introspection_cpp
[1.289s] -- Found rmw_implementation_cmake: 6.1.2 (/opt/ros/humble/share/rmw_implementation_cmake/cmake)
[1.296s] -- Found rmw_fastrtps_cpp: 6.2.7 (/opt/ros/humble/share/rmw_fastrtps_cpp/cmake)
[1.480s] -- Found OpenSSL: /usr/lib/x86_64-linux-gnu/libcrypto.so (found version "3.0.2")  
[1.528s] -- Found FastRTPS: /opt/ros/humble/include  
[1.604s] -- Using RMW implementation 'rmw_fastrtps_cpp' as default
[1.621s] -- Looking for pthread.h
[1.747s] -- Looking for pthread.h - found
[1.748s] -- Performing Test CMAKE_HAVE_LIBC_PTHREAD
[1.869s] -- Performing Test CMAKE_HAVE_LIBC_PTHREAD - Success
[1.872s] -- Found Threads: TRUE  
[1.973s] -- Found rclpy: 3.3.16 (/opt/ros/humble/share/rclpy/cmake)
[1.976s] -- Found trajectory_msgs: 4.9.0 (/opt/ros/humble/share/trajectory_msgs/cmake)
[2.036s] -- Found sensor_msgs: 4.9.0 (/opt/ros/humble/share/sensor_msgs/cmake)
[2.062s] -- Found cv_bridge: 3.2.1 (/opt/ros/humble/share/cv_bridge/cmake)
[2.210s] -- Found ament_lint_auto: 0.12.12 (/opt/ros/humble/share/ament_lint_auto/cmake)
[2.431s] -- Added test 'copyright' to check source files copyright and LICENSE
[2.437s] -- Added test 'cppcheck' to perform static code analysis on C / C++ code
[2.437s] -- Configured cppcheck include dirs: 
[2.437s] -- Configured cppcheck exclude dirs and/or files: 
[2.442s] -- Added test 'cpplint' to check C / C++ code against the Google style
[2.442s] -- Configured cpplint exclude dirs and/or files: 
[2.443s] -- Added test 'flake8' to check Python code syntax and style conventions
[2.444s] -- Added test 'lint_cmake' to check CMake code style
[2.445s] -- Added test 'pep257' to check Python code against some of the docstring style conventions in PEP 257
[2.450s] -- Added test 'uncrustify' to check C / C++ code style
[2.450s] -- Configured uncrustify additional arguments: 
[2.451s] -- Added test 'xmllint' to check XML markup files
[2.453s] -- Configuring done
[2.475s] -- Generating done
[2.485s] -- Build files have been written to: /home/lenovo/ultramotive_ws/build/cobot_trial2_description
[2.500s] Invoked command in '/home/lenovo/ultramotive_ws/build/cobot_trial2_description' returned '0': CMAKE_PREFIX_PATH=${CMAKE_PREFIX_PATH}:/opt/ros/humble /usr/bin/cmake /home/lenovo/ultramotive_ws/src/cobot_trial2_description -DCMAKE_INSTALL_PREFIX=/home/lenovo/ultramotive_ws/install/cobot_trial2_description
[2.504s] Invoking command in '/home/lenovo/ultramotive_ws/build/cobot_trial2_description': CMAKE_PREFIX_PATH=${CMAKE_PREFIX_PATH}:/opt/ros/humble /usr/bin/cmake --build /home/lenovo/ultramotive_ws/build/cobot_trial2_description -- -j12 -l12
[2.582s] [35m[1mConsolidate compiler generated dependencies of target ik_node[0m
[2.582s] [35m[1mConsolidate compiler generated dependencies of target fk_node[0m
[2.609s] [  0%] Built target ament_cmake_python_copy_cobot_trial2_description
[2.609s] [  0%] Built target ament_cmake_python_copy_cobot_trial2_description_setup
[2.615s] [ 75%] Built target fk_node
[2.616s] [100%] Built target ik_node
[2.956s] running egg_info
[2.957s] writing cobot_trial2_description.egg-info/PKG-INFO
[2.957s] writing dependency_links to cobot_trial2_description.egg-info/dependency_links.txt
[2.958s] writing top-level names to cobot_trial2_description.egg-info/top_level.txt
[2.960s] reading manifest file 'cobot_trial2_description.egg-info/SOURCES.txt'
[2.961s] writing manifest file 'cobot_trial2_description.egg-info/SOURCES.txt'
[3.007s] [100%] Built target ament_cmake_python_build_cobot_trial2_description_egg
[3.034s] Invoked command in '/home/lenovo/ultramotive_ws/build/cobot_trial2_description' returned '0': CMAKE_PREFIX_PATH=${CMAKE_PREFIX_PATH}:/opt/ros/humble /usr/bin/cmake --build /home/lenovo/ultramotive_ws/build/cobot_trial2_description -- -j12 -l12
[3.050s] Invoking command in '/home/lenovo/ultramotive_ws/build/cobot_trial2_description': CMAKE_PREFIX_PATH=${CMAKE_PREFIX_PATH}:/opt/ros/humble /usr/bin/cmake --install /home/lenovo/ultramotive_ws/build/cobot_trial2_description
[3.060s] -- Install configuration: ""
[3.061s] -- Up-to-date: /home/lenovo/ultramotive_ws/install/cobot_trial2_description/share/cobot_trial2_description/environment/pythonpath.sh
[3.061s] -- Installing: /home/lenovo/ultramotive_ws/install/cobot_trial2_description/share/cobot_trial2_description/environment/pythonpath.dsv
[3.061s] -- Up-to-date: /home/lenovo/ultramotive_ws/install/cobot_trial2_description/local/lib/python3.10/dist-packages/cobot_trial2_description-0.0.1-py3.10.egg-info
[3.061s] -- Installing: /home/lenovo/ultramotive_ws/install/cobot_trial2_description/local/lib/python3.10/dist-packages/cobot_trial2_description-0.0.1-py3.10.egg-info/PKG-INFO
[3.061s] -- Installing: /home/lenovo/ultramotive_ws/install/cobot_trial2_description/local/lib/python3.10/dist-packages/cobot_trial2_description-0.0.1-py3.10.egg-info/SOURCES.txt
[3.061s] -- Installing: /home/lenovo/ultramotive_ws/install/cobot_trial2_description/local/lib/python3.10/dist-packages/cobot_trial2_description-0.0.1-py3.10.egg-info/dependency_links.txt
[3.062s] -- Installing: /home/lenovo/ultramotive_ws/install/cobot_trial2_description/local/lib/python3.10/dist-packages/cobot_trial2_description-0.0.1-py3.10.egg-info/top_level.txt
[3.062s] -- Up-to-date: /home/lenovo/ultramotive_ws/install/cobot_trial2_description/local/lib/python3.10/dist-packages/cobot_trial2_description
[3.062s] -- Up-to-date: /home/lenovo/ultramotive_ws/install/cobot_trial2_description/local/lib/python3.10/dist-packages/cobot_trial2_description/__init__.py
[3.110s] Listing '/home/lenovo/ultramotive_ws/install/cobot_trial2_description/local/lib/python3.10/dist-packages/cobot_trial2_description'...
[3.116s] -- Up-to-date: /home/lenovo/ultramotive_ws/install/cobot_trial2_description/lib/cobot_trial2_description/yolo_object_detection_node.py
[3.117s] -- Up-to-date: /home/lenovo/ultramotive_ws/install/cobot_trial2_description/lib/cobot_trial2_description/fk_node
[3.118s] -- Up-to-date: /home/lenovo/ultramotive_ws/install/cobot_trial2_description/lib/cobot_trial2_description/ik_node
[3.118s] -- Up-to-date: /home/lenovo/ultramotive_ws/install/cobot_trial2_description/share/cobot_trial2_description/launch
[3.118s] -- Up-to-date: /home/lenovo/ultramotive_ws/install/cobot_trial2_description/share/cobot_trial2_description/launch/display.launch.py
[3.119s] -- Up-to-date: /home/lenovo/ultramotive_ws/install/cobot_trial2_description/share/cobot_trial2_description/launch/moveit_rviz.launch.py
[3.119s] -- Up-to-date: /home/lenovo/ultramotive_ws/install/cobot_trial2_description/share/cobot_trial2_description/launch/gazebo_simulation.launch.py
[3.119s] -- Installing: /home/lenovo/ultramotive_ws/install/cobot_trial2_description/share/cobot_trial2_description/launch/moveit_gazebo_simulation.launch.py
[3.119s] -- Up-to-date: /home/lenovo/ultramotive_ws/install/cobot_trial2_description/share/cobot_trial2_description/urdf
[3.120s] -- Up-to-date: /home/lenovo/ultramotive_ws/install/cobot_trial2_description/share/cobot_trial2_description/urdf/cobot_trial2.trans
[3.120s] -- Up-to-date: /home/lenovo/ultramotive_ws/install/cobot_trial2_description/share/cobot_trial2_description/urdf/cobot_trial2.xacro
[3.120s] -- Up-to-date: /home/lenovo/ultramotive_ws/install/cobot_trial2_description/share/cobot_trial2_description/urdf/cobot_trial2.gazebo
[3.120s] -- Up-to-date: /home/lenovo/ultramotive_ws/install/cobot_trial2_description/share/cobot_trial2_description/urdf/camera.xacro
[3.120s] -- Up-to-date: /home/lenovo/ultramotive_ws/install/cobot_trial2_description/share/cobot_trial2_description/urdf/materials.xacro
[3.121s] -- Up-to-date: /home/lenovo/ultramotive_ws/install/cobot_trial2_description/share/cobot_trial2_description/urdf/cobot_trial2.srdf
[3.121s] -- Up-to-date: /home/lenovo/ultramotive_ws/install/cobot_trial2_description/share/cobot_trial2_description/urdf/cobot_trial2.urdf
[3.122s] -- Up-to-date: /home/lenovo/ultramotive_ws/install/cobot_trial2_description/share/cobot_trial2_description/meshes
[3.122s] -- Up-to-date: /home/lenovo/ultramotive_ws/install/cobot_trial2_description/share/cobot_trial2_description/meshes/link4_motor_v1_1.stl
[3.122s] -- Up-to-date: /home/lenovo/ultramotive_ws/install/cobot_trial2_description/share/cobot_trial2_description/meshes/link2_motor_v1_1.stl
[3.122s] -- Up-to-date: /home/lenovo/ultramotive_ws/install/cobot_trial2_description/share/cobot_trial2_description/meshes/link3_v1_1.stl
[3.122s] -- Up-to-date: /home/lenovo/ultramotive_ws/install/cobot_trial2_description/share/cobot_trial2_description/meshes/base_link.stl
[3.122s] -- Up-to-date: /home/lenovo/ultramotive_ws/install/cobot_trial2_description/share/cobot_trial2_description/meshes/link2_v1_1.stl
[3.122s] -- Up-to-date: /home/lenovo/ultramotive_ws/install/cobot_trial2_description/share/cobot_trial2_description/meshes/link4_v1_1.stl
[3.122s] -- Up-to-date: /home/lenovo/ultramotive_ws/install/cobot_trial2_description/share/cobot_trial2_description/meshes/link1_motor_v1_1.stl
[3.123s] -- Up-to-date: /home/lenovo/ultramotive_ws/install/cobot_trial2_description/share/cobot_trial2_description/meshes/link3_motor_v1_1.stl
[3.123s] -- Up-to-date: /home/lenovo/ultramotive_ws/install/cobot_trial2_description/share/cobot_trial2_description/meshes/base_motor_v1_1.stl
[3.123s] -- Up-to-date: /home/lenovo/ultramotive_ws/install/cobot_trial2_description/share/cobot_trial2_description/meshes/link1_v1_1.stl
[3.123s] -- Up-to-date: /home/lenovo/ultramotive_ws/install/cobot_trial2_description/share/cobot_trial2_description/meshes/link5_v1_1.stl
[3.123s] -- Up-to-date: /home/lenovo/ultramotive_ws/install/cobot_trial2_description/share/cobot_trial2_description/config
[3.123s] -- Up-to-date: /home/lenovo/ultramotive_ws/install/cobot_trial2_description/share/cobot_trial2_description/config/pilz_cartesian_limits.yaml
[3.123s] -- Up-to-date: /home/lenovo/ultramotive_ws/install/cobot_trial2_description/share/cobot_trial2_description/config/ros2_controllers.yaml
[3.123s] -- Up-to-date: /home/lenovo/ultramotive_ws/install/cobot_trial2_description/share/cobot_trial2_description/config/joint_limits.yaml
[3.124s] -- Up-to-date: /home/lenovo/ultramotive_ws/install/cobot_trial2_description/share/cobot_trial2_description/config/ompl_planning.yaml
[3.124s] -- Up-to-date: /home/lenovo/ultramotive_ws/install/cobot_trial2_description/share/cobot_trial2_description/config/kinematics.yaml
[3.124s] -- Up-to-date: /home/lenovo/ultramotive_ws/install/cobot_trial2_description/share/cobot_trial2_description/config/sensors_3d.yaml
[3.124s] -- Up-to-date: /home/lenovo/ultramotive_ws/install/cobot_trial2_description/share/cobot_trial2_description/config/moveit_controllers.yaml
[3.124s] -- Up-to-date: /home/lenovo/ultramotive_ws/install/cobot_trial2_description/share/cobot_trial2_description/config/display.rviz
[3.124s] -- Up-to-date: /home/lenovo/ultramotive_ws/install/cobot_trial2_description/share/cobot_trial2_description/config/planning_pipeline_config.yaml
[3.125s] -- Up-to-date: /home/lenovo/ultramotive_ws/install/cobot_trial2_description/share/cobot_trial2_description/config/moveit.rviz
[3.125s] -- Up-to-date: /home/lenovo/ultramotive_ws/install/cobot_trial2_description/share/cobot_trial2_description/config/initial_positions.yaml
[3.125s] -- Up-to-date: /home/lenovo/ultramotive_ws/install/cobot_trial2_description/share/ament_index/resource_index/package_run_dependencies/cobot_trial2_description
[3.125s] -- Up-to-date: /home/lenovo/ultramotive_ws/install/cobot_trial2_description/share/ament_index/resource_index/parent_prefix_path/cobot_trial2_description
[3.125s] -- Up-to-date: /home/lenovo/ultramotive_ws/install/cobot_trial2_description/share/cobot_trial2_description/environment/ament_prefix_path.sh
[3.125s] -- Installing: /home/lenovo/ultramotive_ws/install/cobot_trial2_description/share/cobot_trial2_description/environment/ament_prefix_path.dsv
[3.125s] -- Up-to-date: /home/lenovo/ultramotive_ws/install/cobot_trial2_description/share/cobot_trial2_description/environment/path.sh
[3.126s] -- Installing: /home/lenovo/ultramotive_ws/install/cobot_trial2_description/share/cobot_trial2_description/environment/path.dsv
[3.126s] -- Up-to-date: /home/lenovo/ultramotive_ws/install/cobot_trial2_description/share/cobot_trial2_description/local_setup.bash
[3.126s] -- Up-to-date: /home/lenovo/ultramotive_ws/install/cobot_trial2_description/share/cobot_trial2_description/local_setup.sh
[3.126s] -- Up-to-date: /home/lenovo/ultramotive_ws/install/cobot_trial2_description/share/cobot_trial2_description/local_setup.zsh
[3.126s] -- Installing: /home/lenovo/ultramotive_ws/install/cobot_trial2_description/share/cobot_trial2_description/local_setup.dsv
[3.126s] -- Installing: /home/lenovo/ultramotive_ws/install/cobot_trial2_description/share/cobot_trial2_description/package.dsv
[3.127s] -- Up-to-date: /home/lenovo/ultramotive_ws/install/cobot_trial2_description/share/ament_index/resource_index/packages/cobot_trial2_description
[3.127s] -- Up-to-date: /home/lenovo/ultramotive_ws/install/cobot_trial2_description/share/cobot_trial2_description/cmake/cobot_trial2_descriptionConfig.cmake
[3.127s] -- Up-to-date: /home/lenovo/ultramotive_ws/install/cobot_trial2_description/share/cobot_trial2_description/cmake/cobot_trial2_descriptionConfig-version.cmake
[3.127s] -- Up-to-date: /home/lenovo/ultramotive_ws/install/cobot_trial2_description/share/cobot_trial2_description/package.xml
[3.130s] Invoked command in '/home/lenovo/ultramotive_ws/build/cobot_trial2_description' returned '0': CMAKE_PREFIX_PATH=${CMAKE_PREFIX_PATH}:/opt/ros/humble /usr/bin/cmake --install /home/lenovo/ultramotive_ws/build/cobot_trial2_description
