-- Install configuration: ""
-- Up-to-date: /home/lenovo/ultramotive_ws/install/cobot2_new/share/ament_index/resource_index/package_run_dependencies/cobot2_new
-- Up-to-date: /home/lenovo/ultramotive_ws/install/cobot2_new/share/ament_index/resource_index/parent_prefix_path/cobot2_new
-- Up-to-date: /home/lenovo/ultramotive_ws/install/cobot2_new/share/cobot2_new/environment/ament_prefix_path.sh
-- Up-to-date: /home/lenovo/ultramotive_ws/install/cobot2_new/share/cobot2_new/environment/ament_prefix_path.dsv
-- Up-to-date: /home/lenovo/ultramotive_ws/install/cobot2_new/share/cobot2_new/environment/path.sh
-- Up-to-date: /home/lenovo/ultramotive_ws/install/cobot2_new/share/cobot2_new/environment/path.dsv
-- Up-to-date: /home/lenovo/ultramotive_ws/install/cobot2_new/share/cobot2_new/local_setup.bash
-- Up-to-date: /home/lenovo/ultramotive_ws/install/cobot2_new/share/cobot2_new/local_setup.sh
-- Up-to-date: /home/lenovo/ultramotive_ws/install/cobot2_new/share/cobot2_new/local_setup.zsh
-- Up-to-date: /home/lenovo/ultramotive_ws/install/cobot2_new/share/cobot2_new/local_setup.dsv
-- Up-to-date: /home/lenovo/ultramotive_ws/install/cobot2_new/share/cobot2_new/package.dsv
-- Up-to-date: /home/lenovo/ultramotive_ws/install/cobot2_new/share/ament_index/resource_index/packages/cobot2_new
-- Up-to-date: /home/lenovo/ultramotive_ws/install/cobot2_new/share/cobot2_new/cmake/cobot2_newConfig.cmake
-- Up-to-date: /home/lenovo/ultramotive_ws/install/cobot2_new/share/cobot2_new/cmake/cobot2_newConfig-version.cmake
-- Up-to-date: /home/lenovo/ultramotive_ws/install/cobot2_new/share/cobot2_new/package.xml
-- Up-to-date: /home/lenovo/ultramotive_ws/install/cobot2_new/share/cobot2_new/launch
-- Up-to-date: /home/lenovo/ultramotive_ws/install/cobot2_new/share/cobot2_new/launch/setup_assistant.launch.py
-- Up-to-date: /home/lenovo/ultramotive_ws/install/cobot2_new/share/cobot2_new/launch/rsp.launch.py
-- Up-to-date: /home/lenovo/ultramotive_ws/install/cobot2_new/share/cobot2_new/launch/moveit_rviz.launch.py
-- Up-to-date: /home/lenovo/ultramotive_ws/install/cobot2_new/share/cobot2_new/launch/static_virtual_joint_tfs.launch.py
-- Up-to-date: /home/lenovo/ultramotive_ws/install/cobot2_new/share/cobot2_new/launch/move_group.launch.py
-- Up-to-date: /home/lenovo/ultramotive_ws/install/cobot2_new/share/cobot2_new/launch/spawn_controllers.launch.py
-- Up-to-date: /home/lenovo/ultramotive_ws/install/cobot2_new/share/cobot2_new/launch/warehouse_db.launch.py
-- Up-to-date: /home/lenovo/ultramotive_ws/install/cobot2_new/share/cobot2_new/launch/demo.launch.py
-- Up-to-date: /home/lenovo/ultramotive_ws/install/cobot2_new/share/cobot2_new/config
-- Up-to-date: /home/lenovo/ultramotive_ws/install/cobot2_new/share/cobot2_new/config/pilz_cartesian_limits.yaml
-- Up-to-date: /home/lenovo/ultramotive_ws/install/cobot2_new/share/cobot2_new/config/ros2_controllers.yaml
-- Up-to-date: /home/lenovo/ultramotive_ws/install/cobot2_new/share/cobot2_new/config/joint_limits.yaml
-- Up-to-date: /home/lenovo/ultramotive_ws/install/cobot2_new/share/cobot2_new/config/cobot_trial2.ros2_control.xacro
-- Up-to-date: /home/lenovo/ultramotive_ws/install/cobot2_new/share/cobot2_new/config/kinematics.yaml
-- Up-to-date: /home/lenovo/ultramotive_ws/install/cobot2_new/share/cobot2_new/config/cobot_trial2.urdf.xacro
-- Up-to-date: /home/lenovo/ultramotive_ws/install/cobot2_new/share/cobot2_new/config/sensors_3d.yaml
-- Up-to-date: /home/lenovo/ultramotive_ws/install/cobot2_new/share/cobot2_new/config/moveit_controllers.yaml
-- Up-to-date: /home/lenovo/ultramotive_ws/install/cobot2_new/share/cobot2_new/config/moveit.rviz
-- Up-to-date: /home/lenovo/ultramotive_ws/install/cobot2_new/share/cobot2_new/config/cobot_trial2.srdf
-- Up-to-date: /home/lenovo/ultramotive_ws/install/cobot2_new/share/cobot2_new/config/initial_positions.yaml
-- Up-to-date: /home/lenovo/ultramotive_ws/install/cobot2_new/share/cobot2_new/.setup_assistant
