[0.168s] DEBUG:colcon:Command line arguments: ['/usr/bin/colcon', 'build', '--cmake-clean-cache']
[0.168s] DEBUG:colcon:Parsed command line arguments: Namespace(log_base=None, log_level=None, verb_name='build', build_base='build', install_base='install', merge_install=False, symlink_install=False, test_result_base=None, continue_on_error=False, executor='parallel', parallel_workers=12, event_handlers=None, ignore_user_meta=False, metas=['./colcon.meta'], base_paths=['.'], packages_ignore=None, packages_ignore_regex=None, paths=None, packages_up_to=None, packages_up_to_regex=None, packages_above=None, packages_above_and_dependencies=None, packages_above_depth=None, packages_select_by_dep=None, packages_skip_by_dep=None, packages_skip_up_to=None, packages_select_build_failed=False, packages_skip_build_finished=False, packages_select_test_failures=False, packages_skip_test_passed=False, packages_select=None, packages_skip=None, packages_select_regex=None, packages_skip_regex=None, packages_start=None, packages_end=None, allow_overriding=[], cmake_args=None, cmake_target=None, cmake_target_skip_unavailable=False, cmake_clean_cache=True, cmake_clean_first=False, cmake_force_configure=False, ament_cmake_args=None, catkin_cmake_args=None, catkin_skip_building_tests=False, mixin_files=None, mixin=None, verb_parser=<colcon_mixin.mixin.mixin_argument.MixinArgumentDecorator object at 0x7596bc059300>, verb_extension=<colcon_core.verb.build.BuildVerb object at 0x7596bc058c70>, main=<bound method BuildVerb.main of <colcon_core.verb.build.BuildVerb object at 0x7596bc058c70>>, mixin_verb=('build',))
[0.405s] Level 1:colcon.colcon_core.package_discovery:discover_packages(colcon_meta) check parameters
[0.405s] Level 1:colcon.colcon_core.package_discovery:discover_packages(recursive) check parameters
[0.405s] Level 1:colcon.colcon_core.package_discovery:discover_packages(ignore) check parameters
[0.405s] Level 1:colcon.colcon_core.package_discovery:discover_packages(path) check parameters
[0.405s] Level 1:colcon.colcon_core.package_discovery:discover_packages(colcon_meta) discover
[0.406s] Level 1:colcon.colcon_core.package_discovery:discover_packages(recursive) discover
[0.406s] INFO:colcon.colcon_core.package_discovery:Crawling recursively for packages in '/home/lenovo/ultramotive_ws'
[0.406s] Level 1:colcon.colcon_core.package_identification:_identify(.) by extensions ['ignore', 'ignore_ament_install']
[0.406s] Level 1:colcon.colcon_core.package_identification:_identify(.) by extension 'ignore'
[0.406s] Level 1:colcon.colcon_core.package_identification:_identify(.) by extension 'ignore_ament_install'
[0.406s] Level 1:colcon.colcon_core.package_identification:_identify(.) by extensions ['colcon_pkg']
[0.406s] Level 1:colcon.colcon_core.package_identification:_identify(.) by extension 'colcon_pkg'
[0.406s] Level 1:colcon.colcon_core.package_identification:_identify(.) by extensions ['colcon_meta']
[0.406s] Level 1:colcon.colcon_core.package_identification:_identify(.) by extension 'colcon_meta'
[0.406s] Level 1:colcon.colcon_core.package_identification:_identify(.) by extensions ['ros']
[0.406s] Level 1:colcon.colcon_core.package_identification:_identify(.) by extension 'ros'
[0.421s] Level 1:colcon.colcon_core.package_identification:_identify(.) by extensions ['cmake', 'python']
[0.421s] Level 1:colcon.colcon_core.package_identification:_identify(.) by extension 'cmake'
[0.421s] Level 1:colcon.colcon_core.package_identification:_identify(.) by extension 'python'
[0.421s] Level 1:colcon.colcon_core.package_identification:_identify(.) by extensions ['python_setup_py']
[0.421s] Level 1:colcon.colcon_core.package_identification:_identify(.) by extension 'python_setup_py'
[0.422s] Level 1:colcon.colcon_core.package_identification:_identify(build) by extensions ['ignore', 'ignore_ament_install']
[0.422s] Level 1:colcon.colcon_core.package_identification:_identify(build) by extension 'ignore'
[0.422s] Level 1:colcon.colcon_core.package_identification:_identify(build) ignored
[0.422s] Level 1:colcon.colcon_core.package_identification:_identify(install) by extensions ['ignore', 'ignore_ament_install']
[0.422s] Level 1:colcon.colcon_core.package_identification:_identify(install) by extension 'ignore'
[0.422s] Level 1:colcon.colcon_core.package_identification:_identify(install) ignored
[0.422s] Level 1:colcon.colcon_core.package_identification:_identify(log) by extensions ['ignore', 'ignore_ament_install']
[0.422s] Level 1:colcon.colcon_core.package_identification:_identify(log) by extension 'ignore'
[0.422s] Level 1:colcon.colcon_core.package_identification:_identify(log) ignored
[0.423s] Level 1:colcon.colcon_core.package_identification:_identify(src) by extensions ['ignore', 'ignore_ament_install']
[0.423s] Level 1:colcon.colcon_core.package_identification:_identify(src) by extension 'ignore'
[0.423s] Level 1:colcon.colcon_core.package_identification:_identify(src) by extension 'ignore_ament_install'
[0.423s] Level 1:colcon.colcon_core.package_identification:_identify(src) by extensions ['colcon_pkg']
[0.423s] Level 1:colcon.colcon_core.package_identification:_identify(src) by extension 'colcon_pkg'
[0.423s] Level 1:colcon.colcon_core.package_identification:_identify(src) by extensions ['colcon_meta']
[0.423s] Level 1:colcon.colcon_core.package_identification:_identify(src) by extension 'colcon_meta'
[0.423s] Level 1:colcon.colcon_core.package_identification:_identify(src) by extensions ['ros']
[0.423s] Level 1:colcon.colcon_core.package_identification:_identify(src) by extension 'ros'
[0.423s] Level 1:colcon.colcon_core.package_identification:_identify(src) by extensions ['cmake', 'python']
[0.423s] Level 1:colcon.colcon_core.package_identification:_identify(src) by extension 'cmake'
[0.423s] Level 1:colcon.colcon_core.package_identification:_identify(src) by extension 'python'
[0.423s] Level 1:colcon.colcon_core.package_identification:_identify(src) by extensions ['python_setup_py']
[0.423s] Level 1:colcon.colcon_core.package_identification:_identify(src) by extension 'python_setup_py'
[0.424s] Level 1:colcon.colcon_core.package_identification:_identify(src/cobot2_new) by extensions ['ignore', 'ignore_ament_install']
[0.424s] Level 1:colcon.colcon_core.package_identification:_identify(src/cobot2_new) by extension 'ignore'
[0.424s] Level 1:colcon.colcon_core.package_identification:_identify(src/cobot2_new) by extension 'ignore_ament_install'
[0.424s] Level 1:colcon.colcon_core.package_identification:_identify(src/cobot2_new) by extensions ['colcon_pkg']
[0.424s] Level 1:colcon.colcon_core.package_identification:_identify(src/cobot2_new) by extension 'colcon_pkg'
[0.424s] Level 1:colcon.colcon_core.package_identification:_identify(src/cobot2_new) by extensions ['colcon_meta']
[0.424s] Level 1:colcon.colcon_core.package_identification:_identify(src/cobot2_new) by extension 'colcon_meta'
[0.424s] Level 1:colcon.colcon_core.package_identification:_identify(src/cobot2_new) by extensions ['ros']
[0.424s] Level 1:colcon.colcon_core.package_identification:_identify(src/cobot2_new) by extension 'ros'
[0.428s] DEBUG:colcon.colcon_core.package_identification:Package 'src/cobot2_new' with type 'ros.ament_cmake' and name 'cobot2_new'
[0.428s] Level 1:colcon.colcon_core.package_identification:_identify(src/cobot_trial2_description) by extensions ['ignore', 'ignore_ament_install']
[0.428s] Level 1:colcon.colcon_core.package_identification:_identify(src/cobot_trial2_description) by extension 'ignore'
[0.428s] Level 1:colcon.colcon_core.package_identification:_identify(src/cobot_trial2_description) by extension 'ignore_ament_install'
[0.428s] Level 1:colcon.colcon_core.package_identification:_identify(src/cobot_trial2_description) by extensions ['colcon_pkg']
[0.428s] Level 1:colcon.colcon_core.package_identification:_identify(src/cobot_trial2_description) by extension 'colcon_pkg'
[0.428s] Level 1:colcon.colcon_core.package_identification:_identify(src/cobot_trial2_description) by extensions ['colcon_meta']
[0.428s] Level 1:colcon.colcon_core.package_identification:_identify(src/cobot_trial2_description) by extension 'colcon_meta'
[0.429s] Level 1:colcon.colcon_core.package_identification:_identify(src/cobot_trial2_description) by extensions ['ros']
[0.429s] Level 1:colcon.colcon_core.package_identification:_identify(src/cobot_trial2_description) by extension 'ros'
[0.431s] DEBUG:colcon.colcon_core.package_identification:Package 'src/cobot_trial2_description' with type 'ros.ament_cmake' and name 'cobot_trial2_description'
[0.431s] Level 1:colcon.colcon_core.package_discovery:discover_packages(recursive) using defaults
[0.431s] Level 1:colcon.colcon_core.package_discovery:discover_packages(ignore) discover
[0.431s] Level 1:colcon.colcon_core.package_discovery:discover_packages(ignore) using defaults
[0.431s] Level 1:colcon.colcon_core.package_discovery:discover_packages(path) discover
[0.431s] Level 1:colcon.colcon_core.package_discovery:discover_packages(path) using defaults
[0.473s] Level 1:colcon.colcon_core.package_discovery:discover_packages(prefix_path) check parameters
[0.473s] Level 1:colcon.colcon_core.package_discovery:discover_packages(prefix_path) discover
[0.475s] DEBUG:colcon.colcon_installed_package_information.package_discovery:Found 2 installed packages in /home/lenovo/ultramotive_ws/install
[0.478s] DEBUG:colcon.colcon_installed_package_information.package_discovery:Found 376 installed packages in /opt/ros/humble
[0.481s] Level 1:colcon.colcon_core.package_discovery:discover_packages(prefix_path) using defaults
[0.548s] Level 5:colcon.colcon_core.verb:set package 'cobot_trial2_description' build argument 'cmake_args' from command line to 'None'
[0.548s] Level 5:colcon.colcon_core.verb:set package 'cobot_trial2_description' build argument 'cmake_target' from command line to 'None'
[0.548s] Level 5:colcon.colcon_core.verb:set package 'cobot_trial2_description' build argument 'cmake_target_skip_unavailable' from command line to 'False'
[0.548s] Level 5:colcon.colcon_core.verb:set package 'cobot_trial2_description' build argument 'cmake_clean_cache' from command line to 'True'
[0.548s] Level 5:colcon.colcon_core.verb:set package 'cobot_trial2_description' build argument 'cmake_clean_first' from command line to 'False'
[0.548s] Level 5:colcon.colcon_core.verb:set package 'cobot_trial2_description' build argument 'cmake_force_configure' from command line to 'False'
[0.548s] Level 5:colcon.colcon_core.verb:set package 'cobot_trial2_description' build argument 'ament_cmake_args' from command line to 'None'
[0.548s] Level 5:colcon.colcon_core.verb:set package 'cobot_trial2_description' build argument 'catkin_cmake_args' from command line to 'None'
[0.548s] Level 5:colcon.colcon_core.verb:set package 'cobot_trial2_description' build argument 'catkin_skip_building_tests' from command line to 'False'
[0.548s] DEBUG:colcon.colcon_core.verb:Building package 'cobot_trial2_description' with the following arguments: {'ament_cmake_args': None, 'build_base': '/home/lenovo/ultramotive_ws/build/cobot_trial2_description', 'catkin_cmake_args': None, 'catkin_skip_building_tests': False, 'cmake_args': None, 'cmake_clean_cache': True, 'cmake_clean_first': False, 'cmake_force_configure': False, 'cmake_target': None, 'cmake_target_skip_unavailable': False, 'install_base': '/home/lenovo/ultramotive_ws/install/cobot_trial2_description', 'merge_install': False, 'path': '/home/lenovo/ultramotive_ws/src/cobot_trial2_description', 'symlink_install': False, 'test_result_base': None}
[0.549s] Level 5:colcon.colcon_core.verb:set package 'cobot2_new' build argument 'cmake_args' from command line to 'None'
[0.549s] Level 5:colcon.colcon_core.verb:set package 'cobot2_new' build argument 'cmake_target' from command line to 'None'
[0.549s] Level 5:colcon.colcon_core.verb:set package 'cobot2_new' build argument 'cmake_target_skip_unavailable' from command line to 'False'
[0.549s] Level 5:colcon.colcon_core.verb:set package 'cobot2_new' build argument 'cmake_clean_cache' from command line to 'True'
[0.549s] Level 5:colcon.colcon_core.verb:set package 'cobot2_new' build argument 'cmake_clean_first' from command line to 'False'
[0.549s] Level 5:colcon.colcon_core.verb:set package 'cobot2_new' build argument 'cmake_force_configure' from command line to 'False'
[0.549s] Level 5:colcon.colcon_core.verb:set package 'cobot2_new' build argument 'ament_cmake_args' from command line to 'None'
[0.549s] Level 5:colcon.colcon_core.verb:set package 'cobot2_new' build argument 'catkin_cmake_args' from command line to 'None'
[0.549s] Level 5:colcon.colcon_core.verb:set package 'cobot2_new' build argument 'catkin_skip_building_tests' from command line to 'False'
[0.549s] DEBUG:colcon.colcon_core.verb:Building package 'cobot2_new' with the following arguments: {'ament_cmake_args': None, 'build_base': '/home/lenovo/ultramotive_ws/build/cobot2_new', 'catkin_cmake_args': None, 'catkin_skip_building_tests': False, 'cmake_args': None, 'cmake_clean_cache': True, 'cmake_clean_first': False, 'cmake_force_configure': False, 'cmake_target': None, 'cmake_target_skip_unavailable': False, 'install_base': '/home/lenovo/ultramotive_ws/install/cobot2_new', 'merge_install': False, 'path': '/home/lenovo/ultramotive_ws/src/cobot2_new', 'symlink_install': False, 'test_result_base': None}
[0.549s] INFO:colcon.colcon_core.executor:Executing jobs using 'parallel' executor
[0.550s] DEBUG:colcon.colcon_parallel_executor.executor.parallel:run_until_complete
[0.551s] INFO:colcon.colcon_ros.task.ament_cmake.build:Building ROS package in '/home/lenovo/ultramotive_ws/src/cobot_trial2_description' with build type 'ament_cmake'
[0.551s] INFO:colcon.colcon_cmake.task.cmake.build:Building CMake package in '/home/lenovo/ultramotive_ws/src/cobot_trial2_description'
[0.554s] INFO:colcon.colcon_core.plugin_system:Skipping extension 'colcon_core.shell.bat': Not used on non-Windows systems
[0.554s] INFO:colcon.colcon_core.shell:Skip shell extension 'powershell' for command environment: Not usable outside of PowerShell
[0.554s] DEBUG:colcon.colcon_core.shell:Skip shell extension 'dsv' for command environment
[0.568s] DEBUG:colcon.colcon_core.event_handler.log_command:Invoking command in '/home/lenovo/ultramotive_ws/build/cobot_trial2_description': CMAKE_PREFIX_PATH=${CMAKE_PREFIX_PATH}:/opt/ros/humble /usr/bin/cmake /home/lenovo/ultramotive_ws/src/cobot_trial2_description -DCMAKE_INSTALL_PREFIX=/home/lenovo/ultramotive_ws/install/cobot_trial2_description
[2.543s] DEBUG:colcon.colcon_core.event_handler.log_command:Invoked command in '/home/lenovo/ultramotive_ws/build/cobot_trial2_description' returned '0': CMAKE_PREFIX_PATH=${CMAKE_PREFIX_PATH}:/opt/ros/humble /usr/bin/cmake /home/lenovo/ultramotive_ws/src/cobot_trial2_description -DCMAKE_INSTALL_PREFIX=/home/lenovo/ultramotive_ws/install/cobot_trial2_description
[2.545s] DEBUG:colcon.colcon_core.event_handler.log_command:Invoking command in '/home/lenovo/ultramotive_ws/build/cobot_trial2_description': CMAKE_PREFIX_PATH=${CMAKE_PREFIX_PATH}:/opt/ros/humble /usr/bin/cmake --build /home/lenovo/ultramotive_ws/build/cobot_trial2_description -- -j12 -l12
[2.673s] DEBUG:colcon.colcon_core.event_handler.log_command:Invoked command in '/home/lenovo/ultramotive_ws/build/cobot_trial2_description' returned '0': CMAKE_PREFIX_PATH=${CMAKE_PREFIX_PATH}:/opt/ros/humble /usr/bin/cmake --build /home/lenovo/ultramotive_ws/build/cobot_trial2_description -- -j12 -l12
[2.688s] DEBUG:colcon.colcon_core.event_handler.log_command:Invoking command in '/home/lenovo/ultramotive_ws/build/cobot_trial2_description': CMAKE_PREFIX_PATH=${CMAKE_PREFIX_PATH}:/opt/ros/humble /usr/bin/cmake --install /home/lenovo/ultramotive_ws/build/cobot_trial2_description
[2.709s] Level 1:colcon.colcon_core.environment:create_environment_scripts_only(cobot_trial2_description)
[2.709s] DEBUG:colcon.colcon_core.event_handler.log_command:Invoked command in '/home/lenovo/ultramotive_ws/build/cobot_trial2_description' returned '0': CMAKE_PREFIX_PATH=${CMAKE_PREFIX_PATH}:/opt/ros/humble /usr/bin/cmake --install /home/lenovo/ultramotive_ws/build/cobot_trial2_description
[2.714s] Level 1:colcon.colcon_core.environment:checking '/home/lenovo/ultramotive_ws/install/cobot_trial2_description' for CMake module files
[2.714s] Level 1:colcon.colcon_core.environment:checking '/home/lenovo/ultramotive_ws/install/cobot_trial2_description' for CMake config files
[2.715s] Level 1:colcon.colcon_core.shell:create_environment_hook('cobot_trial2_description', 'cmake_prefix_path')
[2.716s] INFO:colcon.colcon_core.shell:Creating environment hook '/home/lenovo/ultramotive_ws/install/cobot_trial2_description/share/cobot_trial2_description/hook/cmake_prefix_path.ps1'
[2.717s] INFO:colcon.colcon_core.shell:Creating environment descriptor '/home/lenovo/ultramotive_ws/install/cobot_trial2_description/share/cobot_trial2_description/hook/cmake_prefix_path.dsv'
[2.718s] INFO:colcon.colcon_core.shell:Creating environment hook '/home/lenovo/ultramotive_ws/install/cobot_trial2_description/share/cobot_trial2_description/hook/cmake_prefix_path.sh'
[2.720s] Level 1:colcon.colcon_core.environment:checking '/home/lenovo/ultramotive_ws/install/cobot_trial2_description/lib'
[2.720s] Level 1:colcon.colcon_core.environment:checking '/home/lenovo/ultramotive_ws/install/cobot_trial2_description/bin'
[2.720s] Level 1:colcon.colcon_core.environment:checking '/home/lenovo/ultramotive_ws/install/cobot_trial2_description/lib/pkgconfig/cobot_trial2_description.pc'
[2.721s] Level 1:colcon.colcon_core.environment:checking '/home/lenovo/ultramotive_ws/install/cobot_trial2_description/lib/python3.10/site-packages'
[2.722s] Level 1:colcon.colcon_core.environment:checking '/home/lenovo/ultramotive_ws/install/cobot_trial2_description/bin'
[2.722s] INFO:colcon.colcon_core.shell:Creating package script '/home/lenovo/ultramotive_ws/install/cobot_trial2_description/share/cobot_trial2_description/package.ps1'
[2.724s] INFO:colcon.colcon_core.shell:Creating package descriptor '/home/lenovo/ultramotive_ws/install/cobot_trial2_description/share/cobot_trial2_description/package.dsv'
[2.726s] INFO:colcon.colcon_core.shell:Creating package script '/home/lenovo/ultramotive_ws/install/cobot_trial2_description/share/cobot_trial2_description/package.sh'
[2.728s] INFO:colcon.colcon_core.shell:Creating package script '/home/lenovo/ultramotive_ws/install/cobot_trial2_description/share/cobot_trial2_description/package.bash'
[2.730s] INFO:colcon.colcon_core.shell:Creating package script '/home/lenovo/ultramotive_ws/install/cobot_trial2_description/share/cobot_trial2_description/package.zsh'
[2.731s] Level 1:colcon.colcon_core.environment:create_file_with_runtime_dependencies(/home/lenovo/ultramotive_ws/install/cobot_trial2_description/share/colcon-core/packages/cobot_trial2_description)
[2.732s] Level 1:colcon.colcon_core.environment:create_environment_scripts_only(cobot_trial2_description)
[2.732s] Level 1:colcon.colcon_core.environment:checking '/home/lenovo/ultramotive_ws/install/cobot_trial2_description' for CMake module files
[2.733s] Level 1:colcon.colcon_core.environment:checking '/home/lenovo/ultramotive_ws/install/cobot_trial2_description' for CMake config files
[2.734s] Level 1:colcon.colcon_core.shell:create_environment_hook('cobot_trial2_description', 'cmake_prefix_path')
[2.734s] INFO:colcon.colcon_core.shell:Creating environment hook '/home/lenovo/ultramotive_ws/install/cobot_trial2_description/share/cobot_trial2_description/hook/cmake_prefix_path.ps1'
[2.735s] INFO:colcon.colcon_core.shell:Creating environment descriptor '/home/lenovo/ultramotive_ws/install/cobot_trial2_description/share/cobot_trial2_description/hook/cmake_prefix_path.dsv'
[2.736s] INFO:colcon.colcon_core.shell:Creating environment hook '/home/lenovo/ultramotive_ws/install/cobot_trial2_description/share/cobot_trial2_description/hook/cmake_prefix_path.sh'
[2.737s] Level 1:colcon.colcon_core.environment:checking '/home/lenovo/ultramotive_ws/install/cobot_trial2_description/lib'
[2.737s] Level 1:colcon.colcon_core.environment:checking '/home/lenovo/ultramotive_ws/install/cobot_trial2_description/bin'
[2.737s] Level 1:colcon.colcon_core.environment:checking '/home/lenovo/ultramotive_ws/install/cobot_trial2_description/lib/pkgconfig/cobot_trial2_description.pc'
[2.738s] Level 1:colcon.colcon_core.environment:checking '/home/lenovo/ultramotive_ws/install/cobot_trial2_description/lib/python3.10/site-packages'
[2.738s] Level 1:colcon.colcon_core.environment:checking '/home/lenovo/ultramotive_ws/install/cobot_trial2_description/bin'
[2.738s] INFO:colcon.colcon_core.shell:Creating package script '/home/lenovo/ultramotive_ws/install/cobot_trial2_description/share/cobot_trial2_description/package.ps1'
[2.739s] INFO:colcon.colcon_core.shell:Creating package descriptor '/home/lenovo/ultramotive_ws/install/cobot_trial2_description/share/cobot_trial2_description/package.dsv'
[2.740s] INFO:colcon.colcon_core.shell:Creating package script '/home/lenovo/ultramotive_ws/install/cobot_trial2_description/share/cobot_trial2_description/package.sh'
[2.741s] INFO:colcon.colcon_core.shell:Creating package script '/home/lenovo/ultramotive_ws/install/cobot_trial2_description/share/cobot_trial2_description/package.bash'
[2.742s] INFO:colcon.colcon_core.shell:Creating package script '/home/lenovo/ultramotive_ws/install/cobot_trial2_description/share/cobot_trial2_description/package.zsh'
[2.743s] Level 1:colcon.colcon_core.environment:create_file_with_runtime_dependencies(/home/lenovo/ultramotive_ws/install/cobot_trial2_description/share/colcon-core/packages/cobot_trial2_description)
[2.744s] INFO:colcon.colcon_ros.task.ament_cmake.build:Building ROS package in '/home/lenovo/ultramotive_ws/src/cobot2_new' with build type 'ament_cmake'
[2.744s] INFO:colcon.colcon_cmake.task.cmake.build:Building CMake package in '/home/lenovo/ultramotive_ws/src/cobot2_new'
[2.744s] INFO:colcon.colcon_core.shell:Skip shell extension 'powershell' for command environment: Not usable outside of PowerShell
[2.744s] DEBUG:colcon.colcon_core.shell:Skip shell extension 'dsv' for command environment
[2.761s] DEBUG:colcon.colcon_core.event_handler.log_command:Invoking command in '/home/lenovo/ultramotive_ws/build/cobot2_new': CMAKE_PREFIX_PATH=/home/lenovo/ultramotive_ws/install/cobot_trial2_description:/home/lenovo/ultramotive_ws/install/cobot2_new:/opt/ros/humble /usr/bin/cmake /home/lenovo/ultramotive_ws/src/cobot2_new -DCMAKE_INSTALL_PREFIX=/home/lenovo/ultramotive_ws/install/cobot2_new
[3.767s] DEBUG:colcon.colcon_core.event_handler.log_command:Invoked command in '/home/lenovo/ultramotive_ws/build/cobot2_new' returned '0': CMAKE_PREFIX_PATH=/home/lenovo/ultramotive_ws/install/cobot_trial2_description:/home/lenovo/ultramotive_ws/install/cobot2_new:/opt/ros/humble /usr/bin/cmake /home/lenovo/ultramotive_ws/src/cobot2_new -DCMAKE_INSTALL_PREFIX=/home/lenovo/ultramotive_ws/install/cobot2_new
[3.771s] DEBUG:colcon.colcon_core.event_handler.log_command:Invoking command in '/home/lenovo/ultramotive_ws/build/cobot2_new': CMAKE_PREFIX_PATH=/home/lenovo/ultramotive_ws/install/cobot_trial2_description:/home/lenovo/ultramotive_ws/install/cobot2_new:/opt/ros/humble /usr/bin/cmake --build /home/lenovo/ultramotive_ws/build/cobot2_new -- -j12 -l12
[3.852s] DEBUG:colcon.colcon_core.event_handler.log_command:Invoked command in '/home/lenovo/ultramotive_ws/build/cobot2_new' returned '0': CMAKE_PREFIX_PATH=/home/lenovo/ultramotive_ws/install/cobot_trial2_description:/home/lenovo/ultramotive_ws/install/cobot2_new:/opt/ros/humble /usr/bin/cmake --build /home/lenovo/ultramotive_ws/build/cobot2_new -- -j12 -l12
[3.855s] DEBUG:colcon.colcon_core.event_handler.log_command:Invoking command in '/home/lenovo/ultramotive_ws/build/cobot2_new': CMAKE_PREFIX_PATH=/home/lenovo/ultramotive_ws/install/cobot_trial2_description:/home/lenovo/ultramotive_ws/install/cobot2_new:/opt/ros/humble /usr/bin/cmake --install /home/lenovo/ultramotive_ws/build/cobot2_new
[3.880s] Level 1:colcon.colcon_core.environment:create_environment_scripts_only(cobot2_new)
[3.880s] Level 1:colcon.colcon_core.environment:checking '/home/lenovo/ultramotive_ws/install/cobot2_new' for CMake module files
[3.881s] DEBUG:colcon.colcon_core.event_handler.log_command:Invoked command in '/home/lenovo/ultramotive_ws/build/cobot2_new' returned '0': CMAKE_PREFIX_PATH=/home/lenovo/ultramotive_ws/install/cobot_trial2_description:/home/lenovo/ultramotive_ws/install/cobot2_new:/opt/ros/humble /usr/bin/cmake --install /home/lenovo/ultramotive_ws/build/cobot2_new
[3.882s] Level 1:colcon.colcon_core.environment:checking '/home/lenovo/ultramotive_ws/install/cobot2_new' for CMake config files
[3.882s] Level 1:colcon.colcon_core.shell:create_environment_hook('cobot2_new', 'cmake_prefix_path')
[3.882s] INFO:colcon.colcon_core.shell:Creating environment hook '/home/lenovo/ultramotive_ws/install/cobot2_new/share/cobot2_new/hook/cmake_prefix_path.ps1'
[3.883s] INFO:colcon.colcon_core.shell:Creating environment descriptor '/home/lenovo/ultramotive_ws/install/cobot2_new/share/cobot2_new/hook/cmake_prefix_path.dsv'
[3.883s] INFO:colcon.colcon_core.shell:Creating environment hook '/home/lenovo/ultramotive_ws/install/cobot2_new/share/cobot2_new/hook/cmake_prefix_path.sh'
[3.884s] Level 1:colcon.colcon_core.environment:checking '/home/lenovo/ultramotive_ws/install/cobot2_new/bin'
[3.884s] Level 1:colcon.colcon_core.environment:checking '/home/lenovo/ultramotive_ws/install/cobot2_new/lib/pkgconfig/cobot2_new.pc'
[3.885s] Level 1:colcon.colcon_core.environment:checking '/home/lenovo/ultramotive_ws/install/cobot2_new/lib/python3.10/site-packages'
[3.885s] Level 1:colcon.colcon_core.environment:checking '/home/lenovo/ultramotive_ws/install/cobot2_new/bin'
[3.885s] INFO:colcon.colcon_core.shell:Creating package script '/home/lenovo/ultramotive_ws/install/cobot2_new/share/cobot2_new/package.ps1'
[3.886s] INFO:colcon.colcon_core.shell:Creating package descriptor '/home/lenovo/ultramotive_ws/install/cobot2_new/share/cobot2_new/package.dsv'
[3.887s] INFO:colcon.colcon_core.shell:Creating package script '/home/lenovo/ultramotive_ws/install/cobot2_new/share/cobot2_new/package.sh'
[3.887s] INFO:colcon.colcon_core.shell:Creating package script '/home/lenovo/ultramotive_ws/install/cobot2_new/share/cobot2_new/package.bash'
[3.888s] INFO:colcon.colcon_core.shell:Creating package script '/home/lenovo/ultramotive_ws/install/cobot2_new/share/cobot2_new/package.zsh'
[3.888s] Level 1:colcon.colcon_core.environment:create_file_with_runtime_dependencies(/home/lenovo/ultramotive_ws/install/cobot2_new/share/colcon-core/packages/cobot2_new)
[3.889s] Level 1:colcon.colcon_core.environment:create_environment_scripts_only(cobot2_new)
[3.889s] Level 1:colcon.colcon_core.environment:checking '/home/lenovo/ultramotive_ws/install/cobot2_new' for CMake module files
[3.890s] Level 1:colcon.colcon_core.environment:checking '/home/lenovo/ultramotive_ws/install/cobot2_new' for CMake config files
[3.890s] Level 1:colcon.colcon_core.shell:create_environment_hook('cobot2_new', 'cmake_prefix_path')
[3.890s] INFO:colcon.colcon_core.shell:Creating environment hook '/home/lenovo/ultramotive_ws/install/cobot2_new/share/cobot2_new/hook/cmake_prefix_path.ps1'
[3.891s] INFO:colcon.colcon_core.shell:Creating environment descriptor '/home/lenovo/ultramotive_ws/install/cobot2_new/share/cobot2_new/hook/cmake_prefix_path.dsv'
[3.891s] INFO:colcon.colcon_core.shell:Creating environment hook '/home/lenovo/ultramotive_ws/install/cobot2_new/share/cobot2_new/hook/cmake_prefix_path.sh'
[3.892s] Level 1:colcon.colcon_core.environment:checking '/home/lenovo/ultramotive_ws/install/cobot2_new/bin'
[3.892s] Level 1:colcon.colcon_core.environment:checking '/home/lenovo/ultramotive_ws/install/cobot2_new/lib/pkgconfig/cobot2_new.pc'
[3.893s] Level 1:colcon.colcon_core.environment:checking '/home/lenovo/ultramotive_ws/install/cobot2_new/lib/python3.10/site-packages'
[3.893s] Level 1:colcon.colcon_core.environment:checking '/home/lenovo/ultramotive_ws/install/cobot2_new/bin'
[3.893s] INFO:colcon.colcon_core.shell:Creating package script '/home/lenovo/ultramotive_ws/install/cobot2_new/share/cobot2_new/package.ps1'
[3.894s] INFO:colcon.colcon_core.shell:Creating package descriptor '/home/lenovo/ultramotive_ws/install/cobot2_new/share/cobot2_new/package.dsv'
[3.895s] INFO:colcon.colcon_core.shell:Creating package script '/home/lenovo/ultramotive_ws/install/cobot2_new/share/cobot2_new/package.sh'
[3.895s] INFO:colcon.colcon_core.shell:Creating package script '/home/lenovo/ultramotive_ws/install/cobot2_new/share/cobot2_new/package.bash'
[3.896s] INFO:colcon.colcon_core.shell:Creating package script '/home/lenovo/ultramotive_ws/install/cobot2_new/share/cobot2_new/package.zsh'
[3.896s] Level 1:colcon.colcon_core.environment:create_file_with_runtime_dependencies(/home/lenovo/ultramotive_ws/install/cobot2_new/share/colcon-core/packages/cobot2_new)
[3.897s] DEBUG:colcon.colcon_parallel_executor.executor.parallel:closing loop
[3.897s] DEBUG:colcon.colcon_parallel_executor.executor.parallel:loop closed
[3.897s] DEBUG:colcon.colcon_parallel_executor.executor.parallel:run_until_complete finished with '0'
[3.897s] DEBUG:colcon.colcon_core.event_reactor:joining thread
[3.905s] INFO:colcon.colcon_core.plugin_system:Skipping extension 'colcon_notification.desktop_notification.terminal_notifier': Not used on non-Darwin systems
[3.905s] INFO:colcon.colcon_core.plugin_system:Skipping extension 'colcon_notification.desktop_notification.win32': Not used on non-Windows systems
[3.905s] INFO:colcon.colcon_notification.desktop_notification:Sending desktop notification using 'notify2'
[3.929s] DEBUG:colcon.colcon_core.event_reactor:joined thread
[3.930s] INFO:colcon.colcon_core.shell:Creating prefix script '/home/lenovo/ultramotive_ws/install/local_setup.ps1'
[3.933s] INFO:colcon.colcon_core.shell:Creating prefix util module '/home/lenovo/ultramotive_ws/install/_local_setup_util_ps1.py'
[3.936s] INFO:colcon.colcon_core.shell:Creating prefix chain script '/home/lenovo/ultramotive_ws/install/setup.ps1'
[3.939s] INFO:colcon.colcon_core.shell:Creating prefix script '/home/lenovo/ultramotive_ws/install/local_setup.sh'
[3.940s] INFO:colcon.colcon_core.shell:Creating prefix util module '/home/lenovo/ultramotive_ws/install/_local_setup_util_sh.py'
[3.942s] INFO:colcon.colcon_core.shell:Creating prefix chain script '/home/lenovo/ultramotive_ws/install/setup.sh'
[3.944s] INFO:colcon.colcon_core.shell:Creating prefix script '/home/lenovo/ultramotive_ws/install/local_setup.bash'
[3.945s] INFO:colcon.colcon_core.shell:Creating prefix chain script '/home/lenovo/ultramotive_ws/install/setup.bash'
[3.948s] INFO:colcon.colcon_core.shell:Creating prefix script '/home/lenovo/ultramotive_ws/install/local_setup.zsh'
[3.949s] INFO:colcon.colcon_core.shell:Creating prefix chain script '/home/lenovo/ultramotive_ws/install/setup.zsh'
