[0.016s] Invoking command in '/home/lenovo/ultramotive_ws/build/cobot2_new': AMENT_PREFIX_PATH=/home/lenovo/ultramotive_ws/install/cobot_trial2_description:${AMENT_PREFIX_PATH} CMAKE_PREFIX_PATH=/home/lenovo/ultramotive_ws/install/cobot_trial2_description:/opt/ros/humble /usr/bin/cmake /home/lenovo/ultramotive_ws/src/cobot2_new -DAMENT_CMAKE_SYMLINK_INSTALL=1 -DCMAKE_INSTALL_PREFIX=/home/lenovo/ultramotive_ws/install/cobot2_new
[0.040s] -- Found ament_cmake: 1.3.11 (/opt/ros/humble/share/ament_cmake/cmake)
[0.219s] -- Override CMake install command with custom implementation using symlinks instead of copying resources
[0.332s] -- Configuring done
[0.339s] -- Generating done
[0.344s] -- Build files have been written to: /home/lenovo/ultramotive_ws/build/cobot2_new
[0.350s] Invoked command in '/home/lenovo/ultramotive_ws/build/cobot2_new' returned '0': AMENT_PREFIX_PATH=/home/lenovo/ultramotive_ws/install/cobot_trial2_description:${AMENT_PREFIX_PATH} CMAKE_PREFIX_PATH=/home/lenovo/ultramotive_ws/install/cobot_trial2_description:/opt/ros/humble /usr/bin/cmake /home/lenovo/ultramotive_ws/src/cobot2_new -DAMENT_CMAKE_SYMLINK_INSTALL=1 -DCMAKE_INSTALL_PREFIX=/home/lenovo/ultramotive_ws/install/cobot2_new
[0.353s] Invoking command in '/home/lenovo/ultramotive_ws/build/cobot2_new': AMENT_PREFIX_PATH=/home/lenovo/ultramotive_ws/install/cobot_trial2_description:${AMENT_PREFIX_PATH} CMAKE_PREFIX_PATH=/home/lenovo/ultramotive_ws/install/cobot_trial2_description:/opt/ros/humble /usr/bin/cmake --build /home/lenovo/ultramotive_ws/build/cobot2_new -- -j12 -l12
[0.417s] Invoked command in '/home/lenovo/ultramotive_ws/build/cobot2_new' returned '0': AMENT_PREFIX_PATH=/home/lenovo/ultramotive_ws/install/cobot_trial2_description:${AMENT_PREFIX_PATH} CMAKE_PREFIX_PATH=/home/lenovo/ultramotive_ws/install/cobot_trial2_description:/opt/ros/humble /usr/bin/cmake --build /home/lenovo/ultramotive_ws/build/cobot2_new -- -j12 -l12
[0.421s] Invoking command in '/home/lenovo/ultramotive_ws/build/cobot2_new': AMENT_PREFIX_PATH=/home/lenovo/ultramotive_ws/install/cobot_trial2_description:${AMENT_PREFIX_PATH} CMAKE_PREFIX_PATH=/home/lenovo/ultramotive_ws/install/cobot_trial2_description:/opt/ros/humble /usr/bin/cmake --install /home/lenovo/ultramotive_ws/build/cobot2_new
[0.431s] -- Install configuration: ""
[0.432s] -- Execute custom install script
[0.432s] -- Symlinking: /home/lenovo/ultramotive_ws/install/cobot2_new/share/ament_index/resource_index/package_run_dependencies/cobot2_new
[0.452s] -- Symlinking: /home/lenovo/ultramotive_ws/install/cobot2_new/share/ament_index/resource_index/parent_prefix_path/cobot2_new
[0.466s] -- Symlinking: /home/lenovo/ultramotive_ws/install/cobot2_new/share/cobot2_new/environment/ament_prefix_path.sh
[0.481s] -- Symlinking: /home/lenovo/ultramotive_ws/install/cobot2_new/share/cobot2_new/environment/ament_prefix_path.dsv
[0.495s] -- Symlinking: /home/lenovo/ultramotive_ws/install/cobot2_new/share/cobot2_new/environment/path.sh
[0.510s] -- Symlinking: /home/lenovo/ultramotive_ws/install/cobot2_new/share/cobot2_new/environment/path.dsv
[0.524s] -- Symlinking: /home/lenovo/ultramotive_ws/install/cobot2_new/share/cobot2_new/local_setup.bash
[0.538s] -- Symlinking: /home/lenovo/ultramotive_ws/install/cobot2_new/share/cobot2_new/local_setup.sh
[0.559s] -- Symlinking: /home/lenovo/ultramotive_ws/install/cobot2_new/share/cobot2_new/local_setup.zsh
[0.573s] -- Symlinking: /home/lenovo/ultramotive_ws/install/cobot2_new/share/cobot2_new/local_setup.dsv
[0.588s] -- Symlinking: /home/lenovo/ultramotive_ws/install/cobot2_new/share/cobot2_new/package.dsv
[0.602s] -- Symlinking: /home/lenovo/ultramotive_ws/install/cobot2_new/share/ament_index/resource_index/packages/cobot2_new
[0.622s] -- Symlinking: /home/lenovo/ultramotive_ws/install/cobot2_new/share/cobot2_new/cmake/cobot2_newConfig.cmake
[0.643s] -- Symlinking: /home/lenovo/ultramotive_ws/install/cobot2_new/share/cobot2_new/cmake/cobot2_newConfig-version.cmake
[0.657s] -- Symlinking: /home/lenovo/ultramotive_ws/install/cobot2_new/share/cobot2_new/package.xml
[0.673s] -- Symlinking: /home/lenovo/ultramotive_ws/install/cobot2_new/share/cobot2_new/launch/demo.launch.py
[0.689s] -- Symlinking: /home/lenovo/ultramotive_ws/install/cobot2_new/share/cobot2_new/launch/final.launch.py
[0.703s] -- Symlinking: /home/lenovo/ultramotive_ws/install/cobot2_new/share/cobot2_new/launch/gazebo.launch.py
[0.718s] -- Symlinking: /home/lenovo/ultramotive_ws/install/cobot2_new/share/cobot2_new/launch/gazebo_simulation.launch.py
[0.733s] -- Symlinking: /home/lenovo/ultramotive_ws/install/cobot2_new/share/cobot2_new/launch/move_group.launch.py
[0.754s] -- Symlinking: /home/lenovo/ultramotive_ws/install/cobot2_new/share/cobot2_new/launch/moveit_rviz.launch.py
[0.775s] -- Symlinking: /home/lenovo/ultramotive_ws/install/cobot2_new/share/cobot2_new/launch/rsp.launch.py
[0.790s] -- Symlinking: /home/lenovo/ultramotive_ws/install/cobot2_new/share/cobot2_new/launch/setup_assistant.launch.py
[0.804s] -- Symlinking: /home/lenovo/ultramotive_ws/install/cobot2_new/share/cobot2_new/launch/spawn_controllers.launch.py
[0.819s] -- Symlinking: /home/lenovo/ultramotive_ws/install/cobot2_new/share/cobot2_new/launch/static_virtual_joint_tfs.launch.py
[0.834s] -- Symlinking: /home/lenovo/ultramotive_ws/install/cobot2_new/share/cobot2_new/launch/temp.launch.py
[0.848s] -- Symlinking: /home/lenovo/ultramotive_ws/install/cobot2_new/share/cobot2_new/launch/warehouse_db.launch.py
[0.865s] -- Symlinking: /home/lenovo/ultramotive_ws/install/cobot2_new/share/cobot2_new/config/cobot_trial2.ros2_control.xacro
[0.879s] -- Symlinking: /home/lenovo/ultramotive_ws/install/cobot2_new/share/cobot2_new/config/cobot_trial2.srdf
[0.901s] -- Symlinking: /home/lenovo/ultramotive_ws/install/cobot2_new/share/cobot2_new/config/cobot_trial2.urdf.xacro
[0.916s] -- Symlinking: /home/lenovo/ultramotive_ws/install/cobot2_new/share/cobot2_new/config/initial_positions.yaml
[0.931s] -- Symlinking: /home/lenovo/ultramotive_ws/install/cobot2_new/share/cobot2_new/config/joint_limits.yaml
[0.946s] -- Symlinking: /home/lenovo/ultramotive_ws/install/cobot2_new/share/cobot2_new/config/kinematics.yaml
[0.960s] -- Symlinking: /home/lenovo/ultramotive_ws/install/cobot2_new/share/cobot2_new/config/moveit.rviz
[0.975s] -- Symlinking: /home/lenovo/ultramotive_ws/install/cobot2_new/share/cobot2_new/config/moveit_controllers.yaml
[0.991s] -- Symlinking: /home/lenovo/ultramotive_ws/install/cobot2_new/share/cobot2_new/config/pilz_cartesian_limits.yaml
[1.007s] -- Symlinking: /home/lenovo/ultramotive_ws/install/cobot2_new/share/cobot2_new/config/ros2_controllers.yaml
[1.023s] -- Symlinking: /home/lenovo/ultramotive_ws/install/cobot2_new/share/cobot2_new/config/sensors_3d.yaml
[1.042s] -- Symlinking: /home/lenovo/ultramotive_ws/install/cobot2_new/share/cobot2_new/.setup_assistant
[1.061s] Invoked command in '/home/lenovo/ultramotive_ws/build/cobot2_new' returned '0': AMENT_PREFIX_PATH=/home/lenovo/ultramotive_ws/install/cobot_trial2_description:${AMENT_PREFIX_PATH} CMAKE_PREFIX_PATH=/home/lenovo/ultramotive_ws/install/cobot_trial2_description:/opt/ros/humble /usr/bin/cmake --install /home/lenovo/ultramotive_ws/build/cobot2_new
