[0.166s] DEBUG:colcon:Command line arguments: ['/usr/bin/colcon', 'build']
[0.166s] DEBUG:colcon:Parsed command line arguments: Namespace(log_base=None, log_level=None, verb_name='build', build_base='build', install_base='install', merge_install=False, symlink_install=False, test_result_base=None, continue_on_error=False, executor='parallel', parallel_workers=12, event_handlers=None, ignore_user_meta=False, metas=['./colcon.meta'], base_paths=['.'], packages_ignore=None, packages_ignore_regex=None, paths=None, packages_up_to=None, packages_up_to_regex=None, packages_above=None, packages_above_and_dependencies=None, packages_above_depth=None, packages_select_by_dep=None, packages_skip_by_dep=None, packages_skip_up_to=None, packages_select_build_failed=False, packages_skip_build_finished=False, packages_select_test_failures=False, packages_skip_test_passed=False, packages_select=None, packages_skip=None, packages_select_regex=None, packages_skip_regex=None, packages_start=None, packages_end=None, allow_overriding=[], cmake_args=None, cmake_target=None, cmake_target_skip_unavailable=False, cmake_clean_cache=False, cmake_clean_first=False, cmake_force_configure=False, ament_cmake_args=None, catkin_cmake_args=None, catkin_skip_building_tests=False, mixin_files=None, mixin=None, verb_parser=<colcon_mixin.mixin.mixin_argument.MixinArgumentDecorator object at 0x7d45bd555ab0>, verb_extension=<colcon_core.verb.build.BuildVerb object at 0x7d45bd555420>, main=<bound method BuildVerb.main of <colcon_core.verb.build.BuildVerb object at 0x7d45bd555420>>, mixin_verb=('build',))
[0.399s] Level 1:colcon.colcon_core.package_discovery:discover_packages(colcon_meta) check parameters
[0.399s] Level 1:colcon.colcon_core.package_discovery:discover_packages(recursive) check parameters
[0.399s] Level 1:colcon.colcon_core.package_discovery:discover_packages(ignore) check parameters
[0.399s] Level 1:colcon.colcon_core.package_discovery:discover_packages(path) check parameters
[0.399s] Level 1:colcon.colcon_core.package_discovery:discover_packages(colcon_meta) discover
[0.399s] Level 1:colcon.colcon_core.package_discovery:discover_packages(recursive) discover
[0.399s] INFO:colcon.colcon_core.package_discovery:Crawling recursively for packages in '/home/lenovo/ultramotive_ws'
[0.400s] Level 1:colcon.colcon_core.package_identification:_identify(.) by extensions ['ignore', 'ignore_ament_install']
[0.400s] Level 1:colcon.colcon_core.package_identification:_identify(.) by extension 'ignore'
[0.400s] Level 1:colcon.colcon_core.package_identification:_identify(.) by extension 'ignore_ament_install'
[0.400s] Level 1:colcon.colcon_core.package_identification:_identify(.) by extensions ['colcon_pkg']
[0.400s] Level 1:colcon.colcon_core.package_identification:_identify(.) by extension 'colcon_pkg'
[0.400s] Level 1:colcon.colcon_core.package_identification:_identify(.) by extensions ['colcon_meta']
[0.400s] Level 1:colcon.colcon_core.package_identification:_identify(.) by extension 'colcon_meta'
[0.400s] Level 1:colcon.colcon_core.package_identification:_identify(.) by extensions ['ros']
[0.400s] Level 1:colcon.colcon_core.package_identification:_identify(.) by extension 'ros'
[0.415s] Level 1:colcon.colcon_core.package_identification:_identify(.) by extensions ['cmake', 'python']
[0.415s] Level 1:colcon.colcon_core.package_identification:_identify(.) by extension 'cmake'
[0.415s] Level 1:colcon.colcon_core.package_identification:_identify(.) by extension 'python'
[0.415s] Level 1:colcon.colcon_core.package_identification:_identify(.) by extensions ['python_setup_py']
[0.415s] Level 1:colcon.colcon_core.package_identification:_identify(.) by extension 'python_setup_py'
[0.416s] Level 1:colcon.colcon_core.package_identification:_identify(build) by extensions ['ignore', 'ignore_ament_install']
[0.416s] Level 1:colcon.colcon_core.package_identification:_identify(build) by extension 'ignore'
[0.416s] Level 1:colcon.colcon_core.package_identification:_identify(build) ignored
[0.416s] Level 1:colcon.colcon_core.package_identification:_identify(install) by extensions ['ignore', 'ignore_ament_install']
[0.416s] Level 1:colcon.colcon_core.package_identification:_identify(install) by extension 'ignore'
[0.416s] Level 1:colcon.colcon_core.package_identification:_identify(install) ignored
[0.416s] Level 1:colcon.colcon_core.package_identification:_identify(log) by extensions ['ignore', 'ignore_ament_install']
[0.416s] Level 1:colcon.colcon_core.package_identification:_identify(log) by extension 'ignore'
[0.417s] Level 1:colcon.colcon_core.package_identification:_identify(log) ignored
[0.417s] Level 1:colcon.colcon_core.package_identification:_identify(src) by extensions ['ignore', 'ignore_ament_install']
[0.417s] Level 1:colcon.colcon_core.package_identification:_identify(src) by extension 'ignore'
[0.417s] Level 1:colcon.colcon_core.package_identification:_identify(src) by extension 'ignore_ament_install'
[0.417s] Level 1:colcon.colcon_core.package_identification:_identify(src) by extensions ['colcon_pkg']
[0.417s] Level 1:colcon.colcon_core.package_identification:_identify(src) by extension 'colcon_pkg'
[0.417s] Level 1:colcon.colcon_core.package_identification:_identify(src) by extensions ['colcon_meta']
[0.417s] Level 1:colcon.colcon_core.package_identification:_identify(src) by extension 'colcon_meta'
[0.417s] Level 1:colcon.colcon_core.package_identification:_identify(src) by extensions ['ros']
[0.417s] Level 1:colcon.colcon_core.package_identification:_identify(src) by extension 'ros'
[0.417s] Level 1:colcon.colcon_core.package_identification:_identify(src) by extensions ['cmake', 'python']
[0.417s] Level 1:colcon.colcon_core.package_identification:_identify(src) by extension 'cmake'
[0.417s] Level 1:colcon.colcon_core.package_identification:_identify(src) by extension 'python'
[0.417s] Level 1:colcon.colcon_core.package_identification:_identify(src) by extensions ['python_setup_py']
[0.417s] Level 1:colcon.colcon_core.package_identification:_identify(src) by extension 'python_setup_py'
[0.418s] Level 1:colcon.colcon_core.package_identification:_identify(src/cobot2_new) by extensions ['ignore', 'ignore_ament_install']
[0.418s] Level 1:colcon.colcon_core.package_identification:_identify(src/cobot2_new) by extension 'ignore'
[0.418s] Level 1:colcon.colcon_core.package_identification:_identify(src/cobot2_new) by extension 'ignore_ament_install'
[0.418s] Level 1:colcon.colcon_core.package_identification:_identify(src/cobot2_new) by extensions ['colcon_pkg']
[0.418s] Level 1:colcon.colcon_core.package_identification:_identify(src/cobot2_new) by extension 'colcon_pkg'
[0.418s] Level 1:colcon.colcon_core.package_identification:_identify(src/cobot2_new) by extensions ['colcon_meta']
[0.418s] Level 1:colcon.colcon_core.package_identification:_identify(src/cobot2_new) by extension 'colcon_meta'
[0.418s] Level 1:colcon.colcon_core.package_identification:_identify(src/cobot2_new) by extensions ['ros']
[0.418s] Level 1:colcon.colcon_core.package_identification:_identify(src/cobot2_new) by extension 'ros'
[0.422s] DEBUG:colcon.colcon_core.package_identification:Package 'src/cobot2_new' with type 'ros.ament_cmake' and name 'cobot2_new'
[0.423s] Level 1:colcon.colcon_core.package_identification:_identify(src/cobot_trial2_description) by extensions ['ignore', 'ignore_ament_install']
[0.423s] Level 1:colcon.colcon_core.package_identification:_identify(src/cobot_trial2_description) by extension 'ignore'
[0.423s] Level 1:colcon.colcon_core.package_identification:_identify(src/cobot_trial2_description) by extension 'ignore_ament_install'
[0.423s] Level 1:colcon.colcon_core.package_identification:_identify(src/cobot_trial2_description) by extensions ['colcon_pkg']
[0.423s] Level 1:colcon.colcon_core.package_identification:_identify(src/cobot_trial2_description) by extension 'colcon_pkg'
[0.423s] Level 1:colcon.colcon_core.package_identification:_identify(src/cobot_trial2_description) by extensions ['colcon_meta']
[0.423s] Level 1:colcon.colcon_core.package_identification:_identify(src/cobot_trial2_description) by extension 'colcon_meta'
[0.423s] Level 1:colcon.colcon_core.package_identification:_identify(src/cobot_trial2_description) by extensions ['ros']
[0.423s] Level 1:colcon.colcon_core.package_identification:_identify(src/cobot_trial2_description) by extension 'ros'
[0.426s] DEBUG:colcon.colcon_core.package_identification:Package 'src/cobot_trial2_description' with type 'ros.ament_cmake' and name 'cobot_trial2_description'
[0.426s] Level 1:colcon.colcon_core.package_discovery:discover_packages(recursive) using defaults
[0.426s] Level 1:colcon.colcon_core.package_discovery:discover_packages(ignore) discover
[0.426s] Level 1:colcon.colcon_core.package_discovery:discover_packages(ignore) using defaults
[0.426s] Level 1:colcon.colcon_core.package_discovery:discover_packages(path) discover
[0.426s] Level 1:colcon.colcon_core.package_discovery:discover_packages(path) using defaults
[0.476s] Level 1:colcon.colcon_core.package_discovery:discover_packages(prefix_path) check parameters
[0.476s] Level 1:colcon.colcon_core.package_discovery:discover_packages(prefix_path) discover
[0.479s] DEBUG:colcon.colcon_installed_package_information.package_discovery:Found 2 installed packages in /home/lenovo/ultramotive_ws/install
[0.482s] DEBUG:colcon.colcon_installed_package_information.package_discovery:Found 445 installed packages in /opt/ros/humble
[0.485s] Level 1:colcon.colcon_core.package_discovery:discover_packages(prefix_path) using defaults
[0.560s] Level 5:colcon.colcon_core.verb:set package 'cobot_trial2_description' build argument 'cmake_args' from command line to 'None'
[0.560s] Level 5:colcon.colcon_core.verb:set package 'cobot_trial2_description' build argument 'cmake_target' from command line to 'None'
[0.560s] Level 5:colcon.colcon_core.verb:set package 'cobot_trial2_description' build argument 'cmake_target_skip_unavailable' from command line to 'False'
[0.560s] Level 5:colcon.colcon_core.verb:set package 'cobot_trial2_description' build argument 'cmake_clean_cache' from command line to 'False'
[0.560s] Level 5:colcon.colcon_core.verb:set package 'cobot_trial2_description' build argument 'cmake_clean_first' from command line to 'False'
[0.560s] Level 5:colcon.colcon_core.verb:set package 'cobot_trial2_description' build argument 'cmake_force_configure' from command line to 'False'
[0.560s] Level 5:colcon.colcon_core.verb:set package 'cobot_trial2_description' build argument 'ament_cmake_args' from command line to 'None'
[0.561s] Level 5:colcon.colcon_core.verb:set package 'cobot_trial2_description' build argument 'catkin_cmake_args' from command line to 'None'
[0.561s] Level 5:colcon.colcon_core.verb:set package 'cobot_trial2_description' build argument 'catkin_skip_building_tests' from command line to 'False'
[0.561s] DEBUG:colcon.colcon_core.verb:Building package 'cobot_trial2_description' with the following arguments: {'ament_cmake_args': None, 'build_base': '/home/lenovo/ultramotive_ws/build/cobot_trial2_description', 'catkin_cmake_args': None, 'catkin_skip_building_tests': False, 'cmake_args': None, 'cmake_clean_cache': False, 'cmake_clean_first': False, 'cmake_force_configure': False, 'cmake_target': None, 'cmake_target_skip_unavailable': False, 'install_base': '/home/lenovo/ultramotive_ws/install/cobot_trial2_description', 'merge_install': False, 'path': '/home/lenovo/ultramotive_ws/src/cobot_trial2_description', 'symlink_install': False, 'test_result_base': None}
[0.561s] Level 5:colcon.colcon_core.verb:set package 'cobot2_new' build argument 'cmake_args' from command line to 'None'
[0.561s] Level 5:colcon.colcon_core.verb:set package 'cobot2_new' build argument 'cmake_target' from command line to 'None'
[0.561s] Level 5:colcon.colcon_core.verb:set package 'cobot2_new' build argument 'cmake_target_skip_unavailable' from command line to 'False'
[0.561s] Level 5:colcon.colcon_core.verb:set package 'cobot2_new' build argument 'cmake_clean_cache' from command line to 'False'
[0.561s] Level 5:colcon.colcon_core.verb:set package 'cobot2_new' build argument 'cmake_clean_first' from command line to 'False'
[0.561s] Level 5:colcon.colcon_core.verb:set package 'cobot2_new' build argument 'cmake_force_configure' from command line to 'False'
[0.561s] Level 5:colcon.colcon_core.verb:set package 'cobot2_new' build argument 'ament_cmake_args' from command line to 'None'
[0.561s] Level 5:colcon.colcon_core.verb:set package 'cobot2_new' build argument 'catkin_cmake_args' from command line to 'None'
[0.561s] Level 5:colcon.colcon_core.verb:set package 'cobot2_new' build argument 'catkin_skip_building_tests' from command line to 'False'
[0.561s] DEBUG:colcon.colcon_core.verb:Building package 'cobot2_new' with the following arguments: {'ament_cmake_args': None, 'build_base': '/home/lenovo/ultramotive_ws/build/cobot2_new', 'catkin_cmake_args': None, 'catkin_skip_building_tests': False, 'cmake_args': None, 'cmake_clean_cache': False, 'cmake_clean_first': False, 'cmake_force_configure': False, 'cmake_target': None, 'cmake_target_skip_unavailable': False, 'install_base': '/home/lenovo/ultramotive_ws/install/cobot2_new', 'merge_install': False, 'path': '/home/lenovo/ultramotive_ws/src/cobot2_new', 'symlink_install': False, 'test_result_base': None}
[0.562s] INFO:colcon.colcon_core.executor:Executing jobs using 'parallel' executor
[0.563s] DEBUG:colcon.colcon_parallel_executor.executor.parallel:run_until_complete
[0.564s] INFO:colcon.colcon_ros.task.ament_cmake.build:Building ROS package in '/home/lenovo/ultramotive_ws/src/cobot_trial2_description' with build type 'ament_cmake'
[0.564s] INFO:colcon.colcon_cmake.task.cmake.build:Building CMake package in '/home/lenovo/ultramotive_ws/src/cobot_trial2_description'
[0.567s] INFO:colcon.colcon_core.plugin_system:Skipping extension 'colcon_core.shell.bat': Not used on non-Windows systems
[0.567s] INFO:colcon.colcon_core.shell:Skip shell extension 'powershell' for command environment: Not usable outside of PowerShell
[0.567s] DEBUG:colcon.colcon_core.shell:Skip shell extension 'dsv' for command environment
[0.585s] DEBUG:colcon.colcon_core.event_handler.log_command:Invoking command in '/home/lenovo/ultramotive_ws/build/cobot_trial2_description': CMAKE_PREFIX_PATH=${CMAKE_PREFIX_PATH}:/opt/ros/humble /usr/bin/cmake --build /home/lenovo/ultramotive_ws/build/cobot_trial2_description -- -j12 -l12
[0.718s] DEBUG:colcon.colcon_core.event_handler.log_command:Invoked command in '/home/lenovo/ultramotive_ws/build/cobot_trial2_description' returned '0': CMAKE_PREFIX_PATH=${CMAKE_PREFIX_PATH}:/opt/ros/humble /usr/bin/cmake --build /home/lenovo/ultramotive_ws/build/cobot_trial2_description -- -j12 -l12
[0.737s] DEBUG:colcon.colcon_core.event_handler.log_command:Invoking command in '/home/lenovo/ultramotive_ws/build/cobot_trial2_description': CMAKE_PREFIX_PATH=${CMAKE_PREFIX_PATH}:/opt/ros/humble /usr/bin/cmake --install /home/lenovo/ultramotive_ws/build/cobot_trial2_description
[0.792s] Level 1:colcon.colcon_core.environment:create_environment_scripts_only(cobot_trial2_description)
[0.793s] DEBUG:colcon.colcon_core.event_handler.log_command:Invoked command in '/home/lenovo/ultramotive_ws/build/cobot_trial2_description' returned '0': CMAKE_PREFIX_PATH=${CMAKE_PREFIX_PATH}:/opt/ros/humble /usr/bin/cmake --install /home/lenovo/ultramotive_ws/build/cobot_trial2_description
[0.797s] Level 1:colcon.colcon_core.environment:checking '/home/lenovo/ultramotive_ws/install/cobot_trial2_description' for CMake module files
[0.798s] Level 1:colcon.colcon_core.environment:checking '/home/lenovo/ultramotive_ws/install/cobot_trial2_description' for CMake config files
[0.799s] Level 1:colcon.colcon_core.shell:create_environment_hook('cobot_trial2_description', 'cmake_prefix_path')
[0.799s] INFO:colcon.colcon_core.shell:Creating environment hook '/home/lenovo/ultramotive_ws/install/cobot_trial2_description/share/cobot_trial2_description/hook/cmake_prefix_path.ps1'
[0.800s] INFO:colcon.colcon_core.shell:Creating environment descriptor '/home/lenovo/ultramotive_ws/install/cobot_trial2_description/share/cobot_trial2_description/hook/cmake_prefix_path.dsv'
[0.801s] INFO:colcon.colcon_core.shell:Creating environment hook '/home/lenovo/ultramotive_ws/install/cobot_trial2_description/share/cobot_trial2_description/hook/cmake_prefix_path.sh'
[0.802s] Level 1:colcon.colcon_core.environment:checking '/home/lenovo/ultramotive_ws/install/cobot_trial2_description/lib'
[0.802s] Level 1:colcon.colcon_core.environment:checking '/home/lenovo/ultramotive_ws/install/cobot_trial2_description/bin'
[0.803s] Level 1:colcon.colcon_core.environment:checking '/home/lenovo/ultramotive_ws/install/cobot_trial2_description/lib/pkgconfig/cobot_trial2_description.pc'
[0.803s] Level 1:colcon.colcon_core.environment:checking '/home/lenovo/ultramotive_ws/install/cobot_trial2_description/lib/python3.10/site-packages'
[0.803s] Level 1:colcon.colcon_core.environment:checking '/home/lenovo/ultramotive_ws/install/cobot_trial2_description/bin'
[0.804s] INFO:colcon.colcon_core.shell:Creating package script '/home/lenovo/ultramotive_ws/install/cobot_trial2_description/share/cobot_trial2_description/package.ps1'
[0.806s] INFO:colcon.colcon_core.shell:Creating package descriptor '/home/lenovo/ultramotive_ws/install/cobot_trial2_description/share/cobot_trial2_description/package.dsv'
[0.807s] INFO:colcon.colcon_core.shell:Creating package script '/home/lenovo/ultramotive_ws/install/cobot_trial2_description/share/cobot_trial2_description/package.sh'
[0.808s] INFO:colcon.colcon_core.shell:Creating package script '/home/lenovo/ultramotive_ws/install/cobot_trial2_description/share/cobot_trial2_description/package.bash'
[0.809s] INFO:colcon.colcon_core.shell:Creating package script '/home/lenovo/ultramotive_ws/install/cobot_trial2_description/share/cobot_trial2_description/package.zsh'
[0.810s] Level 1:colcon.colcon_core.environment:create_file_with_runtime_dependencies(/home/lenovo/ultramotive_ws/install/cobot_trial2_description/share/colcon-core/packages/cobot_trial2_description)
[0.812s] Level 1:colcon.colcon_core.environment:create_environment_scripts_only(cobot_trial2_description)
[0.813s] Level 1:colcon.colcon_core.environment:checking '/home/lenovo/ultramotive_ws/install/cobot_trial2_description' for CMake module files
[0.814s] Level 1:colcon.colcon_core.environment:checking '/home/lenovo/ultramotive_ws/install/cobot_trial2_description' for CMake config files
[0.815s] Level 1:colcon.colcon_core.shell:create_environment_hook('cobot_trial2_description', 'cmake_prefix_path')
[0.815s] INFO:colcon.colcon_core.shell:Creating environment hook '/home/lenovo/ultramotive_ws/install/cobot_trial2_description/share/cobot_trial2_description/hook/cmake_prefix_path.ps1'
[0.816s] INFO:colcon.colcon_core.shell:Creating environment descriptor '/home/lenovo/ultramotive_ws/install/cobot_trial2_description/share/cobot_trial2_description/hook/cmake_prefix_path.dsv'
[0.817s] INFO:colcon.colcon_core.shell:Creating environment hook '/home/lenovo/ultramotive_ws/install/cobot_trial2_description/share/cobot_trial2_description/hook/cmake_prefix_path.sh'
[0.818s] Level 1:colcon.colcon_core.environment:checking '/home/lenovo/ultramotive_ws/install/cobot_trial2_description/lib'
[0.819s] Level 1:colcon.colcon_core.environment:checking '/home/lenovo/ultramotive_ws/install/cobot_trial2_description/bin'
[0.819s] Level 1:colcon.colcon_core.environment:checking '/home/lenovo/ultramotive_ws/install/cobot_trial2_description/lib/pkgconfig/cobot_trial2_description.pc'
[0.819s] Level 1:colcon.colcon_core.environment:checking '/home/lenovo/ultramotive_ws/install/cobot_trial2_description/lib/python3.10/site-packages'
[0.819s] Level 1:colcon.colcon_core.environment:checking '/home/lenovo/ultramotive_ws/install/cobot_trial2_description/bin'
[0.820s] INFO:colcon.colcon_core.shell:Creating package script '/home/lenovo/ultramotive_ws/install/cobot_trial2_description/share/cobot_trial2_description/package.ps1'
[0.821s] INFO:colcon.colcon_core.shell:Creating package descriptor '/home/lenovo/ultramotive_ws/install/cobot_trial2_description/share/cobot_trial2_description/package.dsv'
[0.822s] INFO:colcon.colcon_core.shell:Creating package script '/home/lenovo/ultramotive_ws/install/cobot_trial2_description/share/cobot_trial2_description/package.sh'
[0.823s] INFO:colcon.colcon_core.shell:Creating package script '/home/lenovo/ultramotive_ws/install/cobot_trial2_description/share/cobot_trial2_description/package.bash'
[0.824s] INFO:colcon.colcon_core.shell:Creating package script '/home/lenovo/ultramotive_ws/install/cobot_trial2_description/share/cobot_trial2_description/package.zsh'
[0.825s] Level 1:colcon.colcon_core.environment:create_file_with_runtime_dependencies(/home/lenovo/ultramotive_ws/install/cobot_trial2_description/share/colcon-core/packages/cobot_trial2_description)
[0.825s] INFO:colcon.colcon_ros.task.ament_cmake.build:Building ROS package in '/home/lenovo/ultramotive_ws/src/cobot2_new' with build type 'ament_cmake'
[0.825s] INFO:colcon.colcon_cmake.task.cmake.build:Building CMake package in '/home/lenovo/ultramotive_ws/src/cobot2_new'
[0.826s] INFO:colcon.colcon_core.shell:Skip shell extension 'powershell' for command environment: Not usable outside of PowerShell
[0.826s] DEBUG:colcon.colcon_core.shell:Skip shell extension 'dsv' for command environment
[0.844s] DEBUG:colcon.colcon_core.event_handler.log_command:Invoking command in '/home/lenovo/ultramotive_ws/build/cobot2_new': CMAKE_PREFIX_PATH=/home/lenovo/ultramotive_ws/install/cobot_trial2_description:/home/lenovo/ultramotive_ws/install/cobot2_new:/opt/ros/humble /usr/bin/cmake --build /home/lenovo/ultramotive_ws/build/cobot2_new -- -j12 -l12
[0.915s] DEBUG:colcon.colcon_core.event_handler.log_command:Invoked command in '/home/lenovo/ultramotive_ws/build/cobot2_new' returned '0': CMAKE_PREFIX_PATH=/home/lenovo/ultramotive_ws/install/cobot_trial2_description:/home/lenovo/ultramotive_ws/install/cobot2_new:/opt/ros/humble /usr/bin/cmake --build /home/lenovo/ultramotive_ws/build/cobot2_new -- -j12 -l12
[0.918s] DEBUG:colcon.colcon_core.event_handler.log_command:Invoking command in '/home/lenovo/ultramotive_ws/build/cobot2_new': CMAKE_PREFIX_PATH=/home/lenovo/ultramotive_ws/install/cobot_trial2_description:/home/lenovo/ultramotive_ws/install/cobot2_new:/opt/ros/humble /usr/bin/cmake --install /home/lenovo/ultramotive_ws/build/cobot2_new
[0.964s] Level 1:colcon.colcon_core.environment:create_environment_scripts_only(cobot2_new)
[0.965s] Level 1:colcon.colcon_core.environment:checking '/home/lenovo/ultramotive_ws/install/cobot2_new' for CMake module files
[0.966s] DEBUG:colcon.colcon_core.event_handler.log_command:Invoked command in '/home/lenovo/ultramotive_ws/build/cobot2_new' returned '0': CMAKE_PREFIX_PATH=/home/lenovo/ultramotive_ws/install/cobot_trial2_description:/home/lenovo/ultramotive_ws/install/cobot2_new:/opt/ros/humble /usr/bin/cmake --install /home/lenovo/ultramotive_ws/build/cobot2_new
[0.967s] Level 1:colcon.colcon_core.environment:checking '/home/lenovo/ultramotive_ws/install/cobot2_new' for CMake config files
[0.967s] Level 1:colcon.colcon_core.shell:create_environment_hook('cobot2_new', 'cmake_prefix_path')
[0.968s] INFO:colcon.colcon_core.shell:Creating environment hook '/home/lenovo/ultramotive_ws/install/cobot2_new/share/cobot2_new/hook/cmake_prefix_path.ps1'
[0.969s] INFO:colcon.colcon_core.shell:Creating environment descriptor '/home/lenovo/ultramotive_ws/install/cobot2_new/share/cobot2_new/hook/cmake_prefix_path.dsv'
[0.970s] INFO:colcon.colcon_core.shell:Creating environment hook '/home/lenovo/ultramotive_ws/install/cobot2_new/share/cobot2_new/hook/cmake_prefix_path.sh'
[0.971s] Level 1:colcon.colcon_core.environment:checking '/home/lenovo/ultramotive_ws/install/cobot2_new/bin'
[0.971s] Level 1:colcon.colcon_core.environment:checking '/home/lenovo/ultramotive_ws/install/cobot2_new/lib/pkgconfig/cobot2_new.pc'
[0.972s] Level 1:colcon.colcon_core.environment:checking '/home/lenovo/ultramotive_ws/install/cobot2_new/lib/python3.10/site-packages'
[0.972s] Level 1:colcon.colcon_core.environment:checking '/home/lenovo/ultramotive_ws/install/cobot2_new/bin'
[0.973s] INFO:colcon.colcon_core.shell:Creating package script '/home/lenovo/ultramotive_ws/install/cobot2_new/share/cobot2_new/package.ps1'
[0.974s] INFO:colcon.colcon_core.shell:Creating package descriptor '/home/lenovo/ultramotive_ws/install/cobot2_new/share/cobot2_new/package.dsv'
[0.975s] INFO:colcon.colcon_core.shell:Creating package script '/home/lenovo/ultramotive_ws/install/cobot2_new/share/cobot2_new/package.sh'
[0.975s] INFO:colcon.colcon_core.shell:Creating package script '/home/lenovo/ultramotive_ws/install/cobot2_new/share/cobot2_new/package.bash'
[0.976s] INFO:colcon.colcon_core.shell:Creating package script '/home/lenovo/ultramotive_ws/install/cobot2_new/share/cobot2_new/package.zsh'
[0.977s] Level 1:colcon.colcon_core.environment:create_file_with_runtime_dependencies(/home/lenovo/ultramotive_ws/install/cobot2_new/share/colcon-core/packages/cobot2_new)
[0.978s] Level 1:colcon.colcon_core.environment:create_environment_scripts_only(cobot2_new)
[0.979s] Level 1:colcon.colcon_core.environment:checking '/home/lenovo/ultramotive_ws/install/cobot2_new' for CMake module files
[0.980s] Level 1:colcon.colcon_core.environment:checking '/home/lenovo/ultramotive_ws/install/cobot2_new' for CMake config files
[0.980s] Level 1:colcon.colcon_core.shell:create_environment_hook('cobot2_new', 'cmake_prefix_path')
[0.981s] INFO:colcon.colcon_core.shell:Creating environment hook '/home/lenovo/ultramotive_ws/install/cobot2_new/share/cobot2_new/hook/cmake_prefix_path.ps1'
[0.982s] INFO:colcon.colcon_core.shell:Creating environment descriptor '/home/lenovo/ultramotive_ws/install/cobot2_new/share/cobot2_new/hook/cmake_prefix_path.dsv'
[0.983s] INFO:colcon.colcon_core.shell:Creating environment hook '/home/lenovo/ultramotive_ws/install/cobot2_new/share/cobot2_new/hook/cmake_prefix_path.sh'
[0.984s] Level 1:colcon.colcon_core.environment:checking '/home/lenovo/ultramotive_ws/install/cobot2_new/bin'
[0.984s] Level 1:colcon.colcon_core.environment:checking '/home/lenovo/ultramotive_ws/install/cobot2_new/lib/pkgconfig/cobot2_new.pc'
[0.985s] Level 1:colcon.colcon_core.environment:checking '/home/lenovo/ultramotive_ws/install/cobot2_new/lib/python3.10/site-packages'
[0.985s] Level 1:colcon.colcon_core.environment:checking '/home/lenovo/ultramotive_ws/install/cobot2_new/bin'
[0.986s] INFO:colcon.colcon_core.shell:Creating package script '/home/lenovo/ultramotive_ws/install/cobot2_new/share/cobot2_new/package.ps1'
[0.987s] INFO:colcon.colcon_core.shell:Creating package descriptor '/home/lenovo/ultramotive_ws/install/cobot2_new/share/cobot2_new/package.dsv'
[0.988s] INFO:colcon.colcon_core.shell:Creating package script '/home/lenovo/ultramotive_ws/install/cobot2_new/share/cobot2_new/package.sh'
[0.989s] INFO:colcon.colcon_core.shell:Creating package script '/home/lenovo/ultramotive_ws/install/cobot2_new/share/cobot2_new/package.bash'
[0.990s] INFO:colcon.colcon_core.shell:Creating package script '/home/lenovo/ultramotive_ws/install/cobot2_new/share/cobot2_new/package.zsh'
[0.991s] Level 1:colcon.colcon_core.environment:create_file_with_runtime_dependencies(/home/lenovo/ultramotive_ws/install/cobot2_new/share/colcon-core/packages/cobot2_new)
[0.991s] DEBUG:colcon.colcon_parallel_executor.executor.parallel:closing loop
[0.992s] DEBUG:colcon.colcon_parallel_executor.executor.parallel:loop closed
[0.992s] DEBUG:colcon.colcon_parallel_executor.executor.parallel:run_until_complete finished with '0'
[0.992s] DEBUG:colcon.colcon_core.event_reactor:joining thread
[1.004s] INFO:colcon.colcon_core.plugin_system:Skipping extension 'colcon_notification.desktop_notification.terminal_notifier': Not used on non-Darwin systems
[1.005s] INFO:colcon.colcon_core.plugin_system:Skipping extension 'colcon_notification.desktop_notification.win32': Not used on non-Windows systems
[1.005s] INFO:colcon.colcon_notification.desktop_notification:Sending desktop notification using 'notify2'
[1.028s] DEBUG:colcon.colcon_core.event_reactor:joined thread
[1.029s] INFO:colcon.colcon_core.shell:Creating prefix script '/home/lenovo/ultramotive_ws/install/local_setup.ps1'
[1.032s] INFO:colcon.colcon_core.shell:Creating prefix util module '/home/lenovo/ultramotive_ws/install/_local_setup_util_ps1.py'
[1.035s] INFO:colcon.colcon_core.shell:Creating prefix chain script '/home/lenovo/ultramotive_ws/install/setup.ps1'
[1.037s] INFO:colcon.colcon_core.shell:Creating prefix script '/home/lenovo/ultramotive_ws/install/local_setup.sh'
[1.038s] INFO:colcon.colcon_core.shell:Creating prefix util module '/home/lenovo/ultramotive_ws/install/_local_setup_util_sh.py'
[1.040s] INFO:colcon.colcon_core.shell:Creating prefix chain script '/home/lenovo/ultramotive_ws/install/setup.sh'
[1.042s] INFO:colcon.colcon_core.shell:Creating prefix script '/home/lenovo/ultramotive_ws/install/local_setup.bash'
[1.043s] INFO:colcon.colcon_core.shell:Creating prefix chain script '/home/lenovo/ultramotive_ws/install/setup.bash'
[1.045s] INFO:colcon.colcon_core.shell:Creating prefix script '/home/lenovo/ultramotive_ws/install/local_setup.zsh'
[1.046s] INFO:colcon.colcon_core.shell:Creating prefix chain script '/home/lenovo/ultramotive_ws/install/setup.zsh'
