[0.179s] DEBUG:colcon:Command line arguments: ['/usr/bin/colcon', 'build', '--cmake-clean-cache']
[0.179s] DEBUG:colcon:Parsed command line arguments: Namespace(log_base=None, log_level=None, verb_name='build', build_base='build', install_base='install', merge_install=False, symlink_install=False, test_result_base=None, continue_on_error=False, executor='parallel', parallel_workers=12, event_handlers=None, ignore_user_meta=False, metas=['./colcon.meta'], base_paths=['.'], packages_ignore=None, packages_ignore_regex=None, paths=None, packages_up_to=None, packages_up_to_regex=None, packages_above=None, packages_above_and_dependencies=None, packages_above_depth=None, packages_select_by_dep=None, packages_skip_by_dep=None, packages_skip_up_to=None, packages_select_build_failed=False, packages_skip_build_finished=False, packages_select_test_failures=False, packages_skip_test_passed=False, packages_select=None, packages_skip=None, packages_select_regex=None, packages_skip_regex=None, packages_start=None, packages_end=None, allow_overriding=[], cmake_args=None, cmake_target=None, cmake_target_skip_unavailable=False, cmake_clean_cache=True, cmake_clean_first=False, cmake_force_configure=False, ament_cmake_args=None, catkin_cmake_args=None, catkin_skip_building_tests=False, mixin_files=None, mixin=None, verb_parser=<colcon_mixin.mixin.mixin_argument.MixinArgumentDecorator object at 0x71b098d5a8c0>, verb_extension=<colcon_core.verb.build.BuildVerb object at 0x71b098d5a230>, main=<bound method BuildVerb.main of <colcon_core.verb.build.BuildVerb object at 0x71b098d5a230>>, mixin_verb=('build',))
[0.432s] Level 1:colcon.colcon_core.package_discovery:discover_packages(colcon_meta) check parameters
[0.433s] Level 1:colcon.colcon_core.package_discovery:discover_packages(recursive) check parameters
[0.433s] Level 1:colcon.colcon_core.package_discovery:discover_packages(ignore) check parameters
[0.433s] Level 1:colcon.colcon_core.package_discovery:discover_packages(path) check parameters
[0.433s] Level 1:colcon.colcon_core.package_discovery:discover_packages(colcon_meta) discover
[0.433s] Level 1:colcon.colcon_core.package_discovery:discover_packages(recursive) discover
[0.433s] INFO:colcon.colcon_core.package_discovery:Crawling recursively for packages in '/home/lenovo/ultramotive_ws'
[0.433s] Level 1:colcon.colcon_core.package_identification:_identify(.) by extensions ['ignore', 'ignore_ament_install']
[0.433s] Level 1:colcon.colcon_core.package_identification:_identify(.) by extension 'ignore'
[0.433s] Level 1:colcon.colcon_core.package_identification:_identify(.) by extension 'ignore_ament_install'
[0.433s] Level 1:colcon.colcon_core.package_identification:_identify(.) by extensions ['colcon_pkg']
[0.433s] Level 1:colcon.colcon_core.package_identification:_identify(.) by extension 'colcon_pkg'
[0.433s] Level 1:colcon.colcon_core.package_identification:_identify(.) by extensions ['colcon_meta']
[0.433s] Level 1:colcon.colcon_core.package_identification:_identify(.) by extension 'colcon_meta'
[0.433s] Level 1:colcon.colcon_core.package_identification:_identify(.) by extensions ['ros']
[0.434s] Level 1:colcon.colcon_core.package_identification:_identify(.) by extension 'ros'
[0.449s] Level 1:colcon.colcon_core.package_identification:_identify(.) by extensions ['cmake', 'python']
[0.450s] Level 1:colcon.colcon_core.package_identification:_identify(.) by extension 'cmake'
[0.450s] Level 1:colcon.colcon_core.package_identification:_identify(.) by extension 'python'
[0.450s] Level 1:colcon.colcon_core.package_identification:_identify(.) by extensions ['python_setup_py']
[0.450s] Level 1:colcon.colcon_core.package_identification:_identify(.) by extension 'python_setup_py'
[0.450s] Level 1:colcon.colcon_core.package_identification:_identify(build) by extensions ['ignore', 'ignore_ament_install']
[0.450s] Level 1:colcon.colcon_core.package_identification:_identify(build) by extension 'ignore'
[0.450s] Level 1:colcon.colcon_core.package_identification:_identify(build) ignored
[0.450s] Level 1:colcon.colcon_core.package_identification:_identify(install) by extensions ['ignore', 'ignore_ament_install']
[0.450s] Level 1:colcon.colcon_core.package_identification:_identify(install) by extension 'ignore'
[0.451s] Level 1:colcon.colcon_core.package_identification:_identify(install) ignored
[0.451s] Level 1:colcon.colcon_core.package_identification:_identify(log) by extensions ['ignore', 'ignore_ament_install']
[0.451s] Level 1:colcon.colcon_core.package_identification:_identify(log) by extension 'ignore'
[0.451s] Level 1:colcon.colcon_core.package_identification:_identify(log) ignored
[0.451s] Level 1:colcon.colcon_core.package_identification:_identify(src) by extensions ['ignore', 'ignore_ament_install']
[0.451s] Level 1:colcon.colcon_core.package_identification:_identify(src) by extension 'ignore'
[0.451s] Level 1:colcon.colcon_core.package_identification:_identify(src) by extension 'ignore_ament_install'
[0.451s] Level 1:colcon.colcon_core.package_identification:_identify(src) by extensions ['colcon_pkg']
[0.451s] Level 1:colcon.colcon_core.package_identification:_identify(src) by extension 'colcon_pkg'
[0.451s] Level 1:colcon.colcon_core.package_identification:_identify(src) by extensions ['colcon_meta']
[0.451s] Level 1:colcon.colcon_core.package_identification:_identify(src) by extension 'colcon_meta'
[0.451s] Level 1:colcon.colcon_core.package_identification:_identify(src) by extensions ['ros']
[0.451s] Level 1:colcon.colcon_core.package_identification:_identify(src) by extension 'ros'
[0.452s] Level 1:colcon.colcon_core.package_identification:_identify(src) by extensions ['cmake', 'python']
[0.452s] Level 1:colcon.colcon_core.package_identification:_identify(src) by extension 'cmake'
[0.452s] Level 1:colcon.colcon_core.package_identification:_identify(src) by extension 'python'
[0.452s] Level 1:colcon.colcon_core.package_identification:_identify(src) by extensions ['python_setup_py']
[0.452s] Level 1:colcon.colcon_core.package_identification:_identify(src) by extension 'python_setup_py'
[0.452s] Level 1:colcon.colcon_core.package_identification:_identify(src/cobot2_new) by extensions ['ignore', 'ignore_ament_install']
[0.452s] Level 1:colcon.colcon_core.package_identification:_identify(src/cobot2_new) by extension 'ignore'
[0.452s] Level 1:colcon.colcon_core.package_identification:_identify(src/cobot2_new) by extension 'ignore_ament_install'
[0.452s] Level 1:colcon.colcon_core.package_identification:_identify(src/cobot2_new) by extensions ['colcon_pkg']
[0.452s] Level 1:colcon.colcon_core.package_identification:_identify(src/cobot2_new) by extension 'colcon_pkg'
[0.452s] Level 1:colcon.colcon_core.package_identification:_identify(src/cobot2_new) by extensions ['colcon_meta']
[0.452s] Level 1:colcon.colcon_core.package_identification:_identify(src/cobot2_new) by extension 'colcon_meta'
[0.452s] Level 1:colcon.colcon_core.package_identification:_identify(src/cobot2_new) by extensions ['ros']
[0.452s] Level 1:colcon.colcon_core.package_identification:_identify(src/cobot2_new) by extension 'ros'
[0.457s] DEBUG:colcon.colcon_core.package_identification:Package 'src/cobot2_new' with type 'ros.ament_cmake' and name 'cobot2_new'
[0.457s] Level 1:colcon.colcon_core.package_identification:_identify(src/cobot_trial2_description) by extensions ['ignore', 'ignore_ament_install']
[0.457s] Level 1:colcon.colcon_core.package_identification:_identify(src/cobot_trial2_description) by extension 'ignore'
[0.457s] Level 1:colcon.colcon_core.package_identification:_identify(src/cobot_trial2_description) by extension 'ignore_ament_install'
[0.457s] Level 1:colcon.colcon_core.package_identification:_identify(src/cobot_trial2_description) by extensions ['colcon_pkg']
[0.457s] Level 1:colcon.colcon_core.package_identification:_identify(src/cobot_trial2_description) by extension 'colcon_pkg'
[0.457s] Level 1:colcon.colcon_core.package_identification:_identify(src/cobot_trial2_description) by extensions ['colcon_meta']
[0.457s] Level 1:colcon.colcon_core.package_identification:_identify(src/cobot_trial2_description) by extension 'colcon_meta'
[0.457s] Level 1:colcon.colcon_core.package_identification:_identify(src/cobot_trial2_description) by extensions ['ros']
[0.457s] Level 1:colcon.colcon_core.package_identification:_identify(src/cobot_trial2_description) by extension 'ros'
[0.463s] DEBUG:colcon.colcon_core.package_identification:Package 'src/cobot_trial2_description' with type 'ros.ament_cmake' and name 'cobot_trial2_description'
[0.463s] Level 1:colcon.colcon_core.package_discovery:discover_packages(recursive) using defaults
[0.463s] Level 1:colcon.colcon_core.package_discovery:discover_packages(ignore) discover
[0.463s] Level 1:colcon.colcon_core.package_discovery:discover_packages(ignore) using defaults
[0.463s] Level 1:colcon.colcon_core.package_discovery:discover_packages(path) discover
[0.463s] Level 1:colcon.colcon_core.package_discovery:discover_packages(path) using defaults
[0.527s] Level 1:colcon.colcon_core.package_discovery:discover_packages(prefix_path) check parameters
[0.527s] Level 1:colcon.colcon_core.package_discovery:discover_packages(prefix_path) discover
[0.528s] WARNING:colcon.colcon_ros.prefix_path.ament:The path '/home/lenovo/ultramotive_ws/install/cobot_trial2_description' in the environment variable AMENT_PREFIX_PATH doesn't exist
[0.528s] WARNING:colcon.colcon_ros.prefix_path.catkin:The path '/home/lenovo/ultramotive_ws/install/cobot_trial2_description' in the environment variable CMAKE_PREFIX_PATH doesn't exist
[0.529s] DEBUG:colcon.colcon_installed_package_information.package_discovery:Found 0 installed packages in /home/lenovo/ultramotive_ws/install
[0.532s] DEBUG:colcon.colcon_installed_package_information.package_discovery:Found 446 installed packages in /opt/ros/humble
[0.535s] Level 1:colcon.colcon_core.package_discovery:discover_packages(prefix_path) using defaults
[0.613s] Level 5:colcon.colcon_core.verb:set package 'cobot_trial2_description' build argument 'cmake_args' from command line to 'None'
[0.613s] Level 5:colcon.colcon_core.verb:set package 'cobot_trial2_description' build argument 'cmake_target' from command line to 'None'
[0.613s] Level 5:colcon.colcon_core.verb:set package 'cobot_trial2_description' build argument 'cmake_target_skip_unavailable' from command line to 'False'
[0.613s] Level 5:colcon.colcon_core.verb:set package 'cobot_trial2_description' build argument 'cmake_clean_cache' from command line to 'True'
[0.613s] Level 5:colcon.colcon_core.verb:set package 'cobot_trial2_description' build argument 'cmake_clean_first' from command line to 'False'
[0.613s] Level 5:colcon.colcon_core.verb:set package 'cobot_trial2_description' build argument 'cmake_force_configure' from command line to 'False'
[0.613s] Level 5:colcon.colcon_core.verb:set package 'cobot_trial2_description' build argument 'ament_cmake_args' from command line to 'None'
[0.613s] Level 5:colcon.colcon_core.verb:set package 'cobot_trial2_description' build argument 'catkin_cmake_args' from command line to 'None'
[0.613s] Level 5:colcon.colcon_core.verb:set package 'cobot_trial2_description' build argument 'catkin_skip_building_tests' from command line to 'False'
[0.613s] DEBUG:colcon.colcon_core.verb:Building package 'cobot_trial2_description' with the following arguments: {'ament_cmake_args': None, 'build_base': '/home/lenovo/ultramotive_ws/build/cobot_trial2_description', 'catkin_cmake_args': None, 'catkin_skip_building_tests': False, 'cmake_args': None, 'cmake_clean_cache': True, 'cmake_clean_first': False, 'cmake_force_configure': False, 'cmake_target': None, 'cmake_target_skip_unavailable': False, 'install_base': '/home/lenovo/ultramotive_ws/install/cobot_trial2_description', 'merge_install': False, 'path': '/home/lenovo/ultramotive_ws/src/cobot_trial2_description', 'symlink_install': False, 'test_result_base': None}
[0.613s] Level 5:colcon.colcon_core.verb:set package 'cobot2_new' build argument 'cmake_args' from command line to 'None'
[0.614s] Level 5:colcon.colcon_core.verb:set package 'cobot2_new' build argument 'cmake_target' from command line to 'None'
[0.614s] Level 5:colcon.colcon_core.verb:set package 'cobot2_new' build argument 'cmake_target_skip_unavailable' from command line to 'False'
[0.614s] Level 5:colcon.colcon_core.verb:set package 'cobot2_new' build argument 'cmake_clean_cache' from command line to 'True'
[0.614s] Level 5:colcon.colcon_core.verb:set package 'cobot2_new' build argument 'cmake_clean_first' from command line to 'False'
[0.614s] Level 5:colcon.colcon_core.verb:set package 'cobot2_new' build argument 'cmake_force_configure' from command line to 'False'
[0.614s] Level 5:colcon.colcon_core.verb:set package 'cobot2_new' build argument 'ament_cmake_args' from command line to 'None'
[0.614s] Level 5:colcon.colcon_core.verb:set package 'cobot2_new' build argument 'catkin_cmake_args' from command line to 'None'
[0.614s] Level 5:colcon.colcon_core.verb:set package 'cobot2_new' build argument 'catkin_skip_building_tests' from command line to 'False'
[0.614s] DEBUG:colcon.colcon_core.verb:Building package 'cobot2_new' with the following arguments: {'ament_cmake_args': None, 'build_base': '/home/lenovo/ultramotive_ws/build/cobot2_new', 'catkin_cmake_args': None, 'catkin_skip_building_tests': False, 'cmake_args': None, 'cmake_clean_cache': True, 'cmake_clean_first': False, 'cmake_force_configure': False, 'cmake_target': None, 'cmake_target_skip_unavailable': False, 'install_base': '/home/lenovo/ultramotive_ws/install/cobot2_new', 'merge_install': False, 'path': '/home/lenovo/ultramotive_ws/src/cobot2_new', 'symlink_install': False, 'test_result_base': None}
[0.614s] INFO:colcon.colcon_core.executor:Executing jobs using 'parallel' executor
[0.616s] DEBUG:colcon.colcon_parallel_executor.executor.parallel:run_until_complete
[0.616s] INFO:colcon.colcon_ros.task.ament_cmake.build:Building ROS package in '/home/lenovo/ultramotive_ws/src/cobot_trial2_description' with build type 'ament_cmake'
[0.616s] INFO:colcon.colcon_cmake.task.cmake.build:Building CMake package in '/home/lenovo/ultramotive_ws/src/cobot_trial2_description'
[0.619s] INFO:colcon.colcon_core.plugin_system:Skipping extension 'colcon_core.shell.bat': Not used on non-Windows systems
[0.620s] INFO:colcon.colcon_core.shell:Skip shell extension 'powershell' for command environment: Not usable outside of PowerShell
[0.620s] DEBUG:colcon.colcon_core.shell:Skip shell extension 'dsv' for command environment
[0.637s] DEBUG:colcon.colcon_core.event_handler.log_command:Invoking command in '/home/lenovo/ultramotive_ws/build/cobot_trial2_description': CMAKE_PREFIX_PATH=${CMAKE_PREFIX_PATH}:/opt/ros/humble /usr/bin/cmake /home/lenovo/ultramotive_ws/src/cobot_trial2_description -DCMAKE_INSTALL_PREFIX=/home/lenovo/ultramotive_ws/install/cobot_trial2_description
[3.015s] DEBUG:colcon.colcon_core.event_handler.log_command:Invoked command in '/home/lenovo/ultramotive_ws/build/cobot_trial2_description' returned '0': CMAKE_PREFIX_PATH=${CMAKE_PREFIX_PATH}:/opt/ros/humble /usr/bin/cmake /home/lenovo/ultramotive_ws/src/cobot_trial2_description -DCMAKE_INSTALL_PREFIX=/home/lenovo/ultramotive_ws/install/cobot_trial2_description
[3.020s] DEBUG:colcon.colcon_core.event_handler.log_command:Invoking command in '/home/lenovo/ultramotive_ws/build/cobot_trial2_description': CMAKE_PREFIX_PATH=${CMAKE_PREFIX_PATH}:/opt/ros/humble /usr/bin/cmake --build /home/lenovo/ultramotive_ws/build/cobot_trial2_description -- -j12 -l12
[22.280s] DEBUG:colcon.colcon_core.event_handler.log_command:Invoked command in '/home/lenovo/ultramotive_ws/build/cobot_trial2_description' returned '0': CMAKE_PREFIX_PATH=${CMAKE_PREFIX_PATH}:/opt/ros/humble /usr/bin/cmake --build /home/lenovo/ultramotive_ws/build/cobot_trial2_description -- -j12 -l12
[22.291s] DEBUG:colcon.colcon_core.event_handler.log_command:Invoking command in '/home/lenovo/ultramotive_ws/build/cobot_trial2_description': CMAKE_PREFIX_PATH=${CMAKE_PREFIX_PATH}:/opt/ros/humble /usr/bin/cmake --install /home/lenovo/ultramotive_ws/build/cobot_trial2_description
[22.375s] Level 1:colcon.colcon_core.environment:create_environment_scripts_only(cobot_trial2_description)
[22.376s] DEBUG:colcon.colcon_core.event_handler.log_command:Invoked command in '/home/lenovo/ultramotive_ws/build/cobot_trial2_description' returned '0': CMAKE_PREFIX_PATH=${CMAKE_PREFIX_PATH}:/opt/ros/humble /usr/bin/cmake --install /home/lenovo/ultramotive_ws/build/cobot_trial2_description
[22.377s] Level 1:colcon.colcon_core.environment:checking '/home/lenovo/ultramotive_ws/install/cobot_trial2_description' for CMake module files
[22.378s] Level 1:colcon.colcon_core.environment:checking '/home/lenovo/ultramotive_ws/install/cobot_trial2_description' for CMake config files
[22.378s] Level 1:colcon.colcon_core.shell:create_environment_hook('cobot_trial2_description', 'cmake_prefix_path')
[22.378s] INFO:colcon.colcon_core.shell:Creating environment hook '/home/lenovo/ultramotive_ws/install/cobot_trial2_description/share/cobot_trial2_description/hook/cmake_prefix_path.ps1'
[22.379s] INFO:colcon.colcon_core.shell:Creating environment descriptor '/home/lenovo/ultramotive_ws/install/cobot_trial2_description/share/cobot_trial2_description/hook/cmake_prefix_path.dsv'
[22.379s] INFO:colcon.colcon_core.shell:Creating environment hook '/home/lenovo/ultramotive_ws/install/cobot_trial2_description/share/cobot_trial2_description/hook/cmake_prefix_path.sh'
[22.380s] Level 1:colcon.colcon_core.environment:checking '/home/lenovo/ultramotive_ws/install/cobot_trial2_description/lib'
[22.380s] Level 1:colcon.colcon_core.environment:checking '/home/lenovo/ultramotive_ws/install/cobot_trial2_description/bin'
[22.380s] Level 1:colcon.colcon_core.environment:checking '/home/lenovo/ultramotive_ws/install/cobot_trial2_description/lib/pkgconfig/cobot_trial2_description.pc'
[22.380s] Level 1:colcon.colcon_core.environment:checking '/home/lenovo/ultramotive_ws/install/cobot_trial2_description/lib/python3.10/site-packages'
[22.380s] Level 1:colcon.colcon_core.environment:checking '/home/lenovo/ultramotive_ws/install/cobot_trial2_description/bin'
[22.380s] INFO:colcon.colcon_core.shell:Creating package script '/home/lenovo/ultramotive_ws/install/cobot_trial2_description/share/cobot_trial2_description/package.ps1'
[22.381s] INFO:colcon.colcon_core.shell:Creating package descriptor '/home/lenovo/ultramotive_ws/install/cobot_trial2_description/share/cobot_trial2_description/package.dsv'
[22.381s] INFO:colcon.colcon_core.shell:Creating package script '/home/lenovo/ultramotive_ws/install/cobot_trial2_description/share/cobot_trial2_description/package.sh'
[22.382s] INFO:colcon.colcon_core.shell:Creating package script '/home/lenovo/ultramotive_ws/install/cobot_trial2_description/share/cobot_trial2_description/package.bash'
[22.383s] INFO:colcon.colcon_core.shell:Creating package script '/home/lenovo/ultramotive_ws/install/cobot_trial2_description/share/cobot_trial2_description/package.zsh'
[22.383s] Level 1:colcon.colcon_core.environment:create_file_with_runtime_dependencies(/home/lenovo/ultramotive_ws/install/cobot_trial2_description/share/colcon-core/packages/cobot_trial2_description)
[22.384s] Level 1:colcon.colcon_core.environment:create_environment_scripts_only(cobot_trial2_description)
[22.384s] Level 1:colcon.colcon_core.environment:checking '/home/lenovo/ultramotive_ws/install/cobot_trial2_description' for CMake module files
[22.384s] Level 1:colcon.colcon_core.environment:checking '/home/lenovo/ultramotive_ws/install/cobot_trial2_description' for CMake config files
[22.384s] Level 1:colcon.colcon_core.shell:create_environment_hook('cobot_trial2_description', 'cmake_prefix_path')
[22.385s] INFO:colcon.colcon_core.shell:Creating environment hook '/home/lenovo/ultramotive_ws/install/cobot_trial2_description/share/cobot_trial2_description/hook/cmake_prefix_path.ps1'
[22.385s] INFO:colcon.colcon_core.shell:Creating environment descriptor '/home/lenovo/ultramotive_ws/install/cobot_trial2_description/share/cobot_trial2_description/hook/cmake_prefix_path.dsv'
[22.385s] INFO:colcon.colcon_core.shell:Creating environment hook '/home/lenovo/ultramotive_ws/install/cobot_trial2_description/share/cobot_trial2_description/hook/cmake_prefix_path.sh'
[22.386s] Level 1:colcon.colcon_core.environment:checking '/home/lenovo/ultramotive_ws/install/cobot_trial2_description/lib'
[22.386s] Level 1:colcon.colcon_core.environment:checking '/home/lenovo/ultramotive_ws/install/cobot_trial2_description/bin'
[22.386s] Level 1:colcon.colcon_core.environment:checking '/home/lenovo/ultramotive_ws/install/cobot_trial2_description/lib/pkgconfig/cobot_trial2_description.pc'
[22.386s] Level 1:colcon.colcon_core.environment:checking '/home/lenovo/ultramotive_ws/install/cobot_trial2_description/lib/python3.10/site-packages'
[22.386s] Level 1:colcon.colcon_core.environment:checking '/home/lenovo/ultramotive_ws/install/cobot_trial2_description/bin'
[22.386s] INFO:colcon.colcon_core.shell:Creating package script '/home/lenovo/ultramotive_ws/install/cobot_trial2_description/share/cobot_trial2_description/package.ps1'
[22.387s] INFO:colcon.colcon_core.shell:Creating package descriptor '/home/lenovo/ultramotive_ws/install/cobot_trial2_description/share/cobot_trial2_description/package.dsv'
[22.389s] INFO:colcon.colcon_core.shell:Creating package script '/home/lenovo/ultramotive_ws/install/cobot_trial2_description/share/cobot_trial2_description/package.sh'
[22.389s] INFO:colcon.colcon_core.shell:Creating package script '/home/lenovo/ultramotive_ws/install/cobot_trial2_description/share/cobot_trial2_description/package.bash'
[22.390s] INFO:colcon.colcon_core.shell:Creating package script '/home/lenovo/ultramotive_ws/install/cobot_trial2_description/share/cobot_trial2_description/package.zsh'
[22.391s] Level 1:colcon.colcon_core.environment:create_file_with_runtime_dependencies(/home/lenovo/ultramotive_ws/install/cobot_trial2_description/share/colcon-core/packages/cobot_trial2_description)
[22.392s] INFO:colcon.colcon_ros.task.ament_cmake.build:Building ROS package in '/home/lenovo/ultramotive_ws/src/cobot2_new' with build type 'ament_cmake'
[22.392s] INFO:colcon.colcon_cmake.task.cmake.build:Building CMake package in '/home/lenovo/ultramotive_ws/src/cobot2_new'
[22.392s] INFO:colcon.colcon_core.shell:Skip shell extension 'powershell' for command environment: Not usable outside of PowerShell
[22.392s] DEBUG:colcon.colcon_core.shell:Skip shell extension 'dsv' for command environment
[22.408s] DEBUG:colcon.colcon_core.event_handler.log_command:Invoking command in '/home/lenovo/ultramotive_ws/build/cobot2_new': CMAKE_PREFIX_PATH=${CMAKE_PREFIX_PATH}:/opt/ros/humble /usr/bin/cmake /home/lenovo/ultramotive_ws/src/cobot2_new -DCMAKE_INSTALL_PREFIX=/home/lenovo/ultramotive_ws/install/cobot2_new
[23.110s] DEBUG:colcon.colcon_core.event_handler.log_command:Invoked command in '/home/lenovo/ultramotive_ws/build/cobot2_new' returned '0': CMAKE_PREFIX_PATH=${CMAKE_PREFIX_PATH}:/opt/ros/humble /usr/bin/cmake /home/lenovo/ultramotive_ws/src/cobot2_new -DCMAKE_INSTALL_PREFIX=/home/lenovo/ultramotive_ws/install/cobot2_new
[23.113s] DEBUG:colcon.colcon_core.event_handler.log_command:Invoking command in '/home/lenovo/ultramotive_ws/build/cobot2_new': CMAKE_PREFIX_PATH=${CMAKE_PREFIX_PATH}:/opt/ros/humble /usr/bin/cmake --build /home/lenovo/ultramotive_ws/build/cobot2_new -- -j12 -l12
[23.153s] DEBUG:colcon.colcon_core.event_handler.log_command:Invoked command in '/home/lenovo/ultramotive_ws/build/cobot2_new' returned '0': CMAKE_PREFIX_PATH=${CMAKE_PREFIX_PATH}:/opt/ros/humble /usr/bin/cmake --build /home/lenovo/ultramotive_ws/build/cobot2_new -- -j12 -l12
[23.155s] DEBUG:colcon.colcon_core.event_handler.log_command:Invoking command in '/home/lenovo/ultramotive_ws/build/cobot2_new': CMAKE_PREFIX_PATH=${CMAKE_PREFIX_PATH}:/opt/ros/humble /usr/bin/cmake --install /home/lenovo/ultramotive_ws/build/cobot2_new
[23.178s] Level 1:colcon.colcon_core.environment:create_environment_scripts_only(cobot2_new)
[23.178s] Level 1:colcon.colcon_core.environment:checking '/home/lenovo/ultramotive_ws/install/cobot2_new' for CMake module files
[23.179s] DEBUG:colcon.colcon_core.event_handler.log_command:Invoked command in '/home/lenovo/ultramotive_ws/build/cobot2_new' returned '0': CMAKE_PREFIX_PATH=${CMAKE_PREFIX_PATH}:/opt/ros/humble /usr/bin/cmake --install /home/lenovo/ultramotive_ws/build/cobot2_new
[23.179s] Level 1:colcon.colcon_core.environment:checking '/home/lenovo/ultramotive_ws/install/cobot2_new' for CMake config files
[23.179s] Level 1:colcon.colcon_core.shell:create_environment_hook('cobot2_new', 'cmake_prefix_path')
[23.180s] INFO:colcon.colcon_core.shell:Creating environment hook '/home/lenovo/ultramotive_ws/install/cobot2_new/share/cobot2_new/hook/cmake_prefix_path.ps1'
[23.180s] INFO:colcon.colcon_core.shell:Creating environment descriptor '/home/lenovo/ultramotive_ws/install/cobot2_new/share/cobot2_new/hook/cmake_prefix_path.dsv'
[23.181s] INFO:colcon.colcon_core.shell:Creating environment hook '/home/lenovo/ultramotive_ws/install/cobot2_new/share/cobot2_new/hook/cmake_prefix_path.sh'
[23.181s] Level 1:colcon.colcon_core.environment:checking '/home/lenovo/ultramotive_ws/install/cobot2_new/bin'
[23.182s] Level 1:colcon.colcon_core.environment:checking '/home/lenovo/ultramotive_ws/install/cobot2_new/lib/pkgconfig/cobot2_new.pc'
[23.182s] Level 1:colcon.colcon_core.environment:checking '/home/lenovo/ultramotive_ws/install/cobot2_new/lib/python3.10/site-packages'
[23.182s] Level 1:colcon.colcon_core.environment:checking '/home/lenovo/ultramotive_ws/install/cobot2_new/bin'
[23.182s] INFO:colcon.colcon_core.shell:Creating package script '/home/lenovo/ultramotive_ws/install/cobot2_new/share/cobot2_new/package.ps1'
[23.183s] INFO:colcon.colcon_core.shell:Creating package descriptor '/home/lenovo/ultramotive_ws/install/cobot2_new/share/cobot2_new/package.dsv'
[23.184s] INFO:colcon.colcon_core.shell:Creating package script '/home/lenovo/ultramotive_ws/install/cobot2_new/share/cobot2_new/package.sh'
[23.184s] INFO:colcon.colcon_core.shell:Creating package script '/home/lenovo/ultramotive_ws/install/cobot2_new/share/cobot2_new/package.bash'
[23.184s] INFO:colcon.colcon_core.shell:Creating package script '/home/lenovo/ultramotive_ws/install/cobot2_new/share/cobot2_new/package.zsh'
[23.185s] Level 1:colcon.colcon_core.environment:create_file_with_runtime_dependencies(/home/lenovo/ultramotive_ws/install/cobot2_new/share/colcon-core/packages/cobot2_new)
[23.185s] Level 1:colcon.colcon_core.environment:create_environment_scripts_only(cobot2_new)
[23.186s] Level 1:colcon.colcon_core.environment:checking '/home/lenovo/ultramotive_ws/install/cobot2_new' for CMake module files
[23.186s] Level 1:colcon.colcon_core.environment:checking '/home/lenovo/ultramotive_ws/install/cobot2_new' for CMake config files
[23.186s] Level 1:colcon.colcon_core.shell:create_environment_hook('cobot2_new', 'cmake_prefix_path')
[23.186s] INFO:colcon.colcon_core.shell:Creating environment hook '/home/lenovo/ultramotive_ws/install/cobot2_new/share/cobot2_new/hook/cmake_prefix_path.ps1'
[23.187s] INFO:colcon.colcon_core.shell:Creating environment descriptor '/home/lenovo/ultramotive_ws/install/cobot2_new/share/cobot2_new/hook/cmake_prefix_path.dsv'
[23.187s] INFO:colcon.colcon_core.shell:Creating environment hook '/home/lenovo/ultramotive_ws/install/cobot2_new/share/cobot2_new/hook/cmake_prefix_path.sh'
[23.188s] Level 1:colcon.colcon_core.environment:checking '/home/lenovo/ultramotive_ws/install/cobot2_new/bin'
[23.188s] Level 1:colcon.colcon_core.environment:checking '/home/lenovo/ultramotive_ws/install/cobot2_new/lib/pkgconfig/cobot2_new.pc'
[23.188s] Level 1:colcon.colcon_core.environment:checking '/home/lenovo/ultramotive_ws/install/cobot2_new/lib/python3.10/site-packages'
[23.188s] Level 1:colcon.colcon_core.environment:checking '/home/lenovo/ultramotive_ws/install/cobot2_new/bin'
[23.189s] INFO:colcon.colcon_core.shell:Creating package script '/home/lenovo/ultramotive_ws/install/cobot2_new/share/cobot2_new/package.ps1'
[23.189s] INFO:colcon.colcon_core.shell:Creating package descriptor '/home/lenovo/ultramotive_ws/install/cobot2_new/share/cobot2_new/package.dsv'
[23.190s] INFO:colcon.colcon_core.shell:Creating package script '/home/lenovo/ultramotive_ws/install/cobot2_new/share/cobot2_new/package.sh'
[23.190s] INFO:colcon.colcon_core.shell:Creating package script '/home/lenovo/ultramotive_ws/install/cobot2_new/share/cobot2_new/package.bash'
[23.190s] INFO:colcon.colcon_core.shell:Creating package script '/home/lenovo/ultramotive_ws/install/cobot2_new/share/cobot2_new/package.zsh'
[23.191s] Level 1:colcon.colcon_core.environment:create_file_with_runtime_dependencies(/home/lenovo/ultramotive_ws/install/cobot2_new/share/colcon-core/packages/cobot2_new)
[23.191s] DEBUG:colcon.colcon_parallel_executor.executor.parallel:closing loop
[23.191s] DEBUG:colcon.colcon_parallel_executor.executor.parallel:loop closed
[23.191s] DEBUG:colcon.colcon_parallel_executor.executor.parallel:run_until_complete finished with '0'
[23.192s] DEBUG:colcon.colcon_core.event_reactor:joining thread
[23.196s] INFO:colcon.colcon_core.plugin_system:Skipping extension 'colcon_notification.desktop_notification.terminal_notifier': Not used on non-Darwin systems
[23.197s] INFO:colcon.colcon_core.plugin_system:Skipping extension 'colcon_notification.desktop_notification.win32': Not used on non-Windows systems
[23.197s] INFO:colcon.colcon_notification.desktop_notification:Sending desktop notification using 'notify2'
[23.208s] DEBUG:colcon.colcon_core.event_reactor:joined thread
[23.208s] INFO:colcon.colcon_core.shell:Creating prefix script '/home/lenovo/ultramotive_ws/install/local_setup.ps1'
[23.210s] INFO:colcon.colcon_core.shell:Creating prefix util module '/home/lenovo/ultramotive_ws/install/_local_setup_util_ps1.py'
[23.213s] INFO:colcon.colcon_core.shell:Creating prefix chain script '/home/lenovo/ultramotive_ws/install/setup.ps1'
[23.215s] INFO:colcon.colcon_core.shell:Creating prefix script '/home/lenovo/ultramotive_ws/install/local_setup.sh'
[23.215s] INFO:colcon.colcon_core.shell:Creating prefix util module '/home/lenovo/ultramotive_ws/install/_local_setup_util_sh.py'
[23.216s] INFO:colcon.colcon_core.shell:Creating prefix chain script '/home/lenovo/ultramotive_ws/install/setup.sh'
[23.219s] INFO:colcon.colcon_core.shell:Creating prefix script '/home/lenovo/ultramotive_ws/install/local_setup.bash'
[23.220s] INFO:colcon.colcon_core.shell:Creating prefix chain script '/home/lenovo/ultramotive_ws/install/setup.bash'
[23.221s] INFO:colcon.colcon_core.shell:Creating prefix script '/home/lenovo/ultramotive_ws/install/local_setup.zsh'
[23.222s] INFO:colcon.colcon_core.shell:Creating prefix chain script '/home/lenovo/ultramotive_ws/install/setup.zsh'
