-- The C compiler identification is GNU 11.4.0
-- The CXX compiler identification is GNU 11.4.0
-- Detecting C compiler ABI info
-- Detecting C compiler ABI info - done
-- Check for working C compiler: /usr/bin/cc - skipped
-- Detecting C compile features
-- Detecting C compile features - done
-- Detecting CXX compiler ABI info
-- Detecting CXX compiler ABI info - done
-- Check for working CXX compiler: /usr/bin/c++ - skipped
-- Detecting CXX compile features
-- Detecting CXX compile features - done
-- Found ament_cmake: 1.3.11 (/opt/ros/humble/share/ament_cmake/cmake)
-- Found Python3: /usr/bin/python3 (found version "3.10.12") found components: Interpreter 
-- Found rclcpp: 16.0.12 (/opt/ros/humble/share/rclcpp/cmake)
-- Found rosidl_generator_c: 3.1.6 (/opt/ros/humble/share/rosidl_generator_c/cmake)
-- Found rosidl_adapter: 3.1.6 (/opt/ros/humble/share/rosidl_adapter/cmake)
-- Found rosidl_generator_cpp: 3.1.6 (/opt/ros/humble/share/rosidl_generator_cpp/cmake)
-- Using all available rosidl_typesupport_c: rosidl_typesupport_fastrtps_c;rosidl_typesupport_introspection_c
-- Using all available rosidl_typesupport_cpp: rosidl_typesupport_fastrtps_cpp;rosidl_typesupport_introspection_cpp
-- Found rmw_implementation_cmake: 6.1.2 (/opt/ros/humble/share/rmw_implementation_cmake/cmake)
-- Found rmw_fastrtps_cpp: 6.2.7 (/opt/ros/humble/share/rmw_fastrtps_cpp/cmake)
-- Found OpenSSL: /usr/lib/x86_64-linux-gnu/libcrypto.so (found version "3.0.2")  
-- Found FastRTPS: /opt/ros/humble/include  
-- Using RMW implementation 'rmw_fastrtps_cpp' as default
-- Looking for pthread.h
-- Looking for pthread.h - found
-- Performing Test CMAKE_HAVE_LIBC_PTHREAD
-- Performing Test CMAKE_HAVE_LIBC_PTHREAD - Success
-- Found Threads: TRUE  
-- Found trajectory_msgs: 4.9.0 (/opt/ros/humble/share/trajectory_msgs/cmake)
-- Configuring done
-- Generating done
-- Build files have been written to: /home/lenovo/ultramotive_ws/build/cobot_trial2_description
[35m[1mConsolidate compiler generated dependencies of target fk_node[0m
[35m[1mConsolidate compiler generated dependencies of target ik_node[0m
[ 50%] Built target ik_node
[100%] Built target fk_node
-- Install configuration: ""
-- Up-to-date: /home/lenovo/ultramotive_ws/install/cobot_trial2_description/lib/cobot_trial2_description/fk_node
-- Up-to-date: /home/lenovo/ultramotive_ws/install/cobot_trial2_description/lib/cobot_trial2_description/ik_node
-- Up-to-date: /home/lenovo/ultramotive_ws/install/cobot_trial2_description/share/cobot_trial2_description/launch
-- Up-to-date: /home/lenovo/ultramotive_ws/install/cobot_trial2_description/share/cobot_trial2_description/launch/display.launch.py
-- Up-to-date: /home/lenovo/ultramotive_ws/install/cobot_trial2_description/share/cobot_trial2_description/launch/moveit_rviz.launch.py
-- Up-to-date: /home/lenovo/ultramotive_ws/install/cobot_trial2_description/share/cobot_trial2_description/launch/gazebo.launch.py
-- Up-to-date: /home/lenovo/ultramotive_ws/install/cobot_trial2_description/share/cobot_trial2_description/launch/launch_all.launch.py
-- Up-to-date: /home/lenovo/ultramotive_ws/install/cobot_trial2_description/share/cobot_trial2_description/launch/gazebo_simulation.launch.py
-- Up-to-date: /home/lenovo/ultramotive_ws/install/cobot_trial2_description/share/cobot_trial2_description/launch/moveit_gazebo_simulation.launch.py
-- Up-to-date: /home/lenovo/ultramotive_ws/install/cobot_trial2_description/share/cobot_trial2_description/urdf
-- Up-to-date: /home/lenovo/ultramotive_ws/install/cobot_trial2_description/share/cobot_trial2_description/urdf/cobot_trial2.trans
-- Up-to-date: /home/lenovo/ultramotive_ws/install/cobot_trial2_description/share/cobot_trial2_description/urdf/cobot_trial2.xacro
-- Up-to-date: /home/lenovo/ultramotive_ws/install/cobot_trial2_description/share/cobot_trial2_description/urdf/cobot_trial2.gazebo
-- Up-to-date: /home/lenovo/ultramotive_ws/install/cobot_trial2_description/share/cobot_trial2_description/urdf/materials.xacro
-- Up-to-date: /home/lenovo/ultramotive_ws/install/cobot_trial2_description/share/cobot_trial2_description/urdf/cobot_trial2.srdf
-- Installing: /home/lenovo/ultramotive_ws/install/cobot_trial2_description/share/cobot_trial2_description/urdf/cobot_trial2.urdf
-- Up-to-date: /home/lenovo/ultramotive_ws/install/cobot_trial2_description/share/cobot_trial2_description/meshes
-- Up-to-date: /home/lenovo/ultramotive_ws/install/cobot_trial2_description/share/cobot_trial2_description/meshes/link4_motor_v1_1.stl
-- Up-to-date: /home/lenovo/ultramotive_ws/install/cobot_trial2_description/share/cobot_trial2_description/meshes/link2_motor_v1_1.stl
-- Up-to-date: /home/lenovo/ultramotive_ws/install/cobot_trial2_description/share/cobot_trial2_description/meshes/link3_v1_1.stl
-- Up-to-date: /home/lenovo/ultramotive_ws/install/cobot_trial2_description/share/cobot_trial2_description/meshes/base_link.stl
-- Up-to-date: /home/lenovo/ultramotive_ws/install/cobot_trial2_description/share/cobot_trial2_description/meshes/link2_v1_1.stl
-- Up-to-date: /home/lenovo/ultramotive_ws/install/cobot_trial2_description/share/cobot_trial2_description/meshes/link4_v1_1.stl
-- Up-to-date: /home/lenovo/ultramotive_ws/install/cobot_trial2_description/share/cobot_trial2_description/meshes/link1_motor_v1_1.stl
-- Up-to-date: /home/lenovo/ultramotive_ws/install/cobot_trial2_description/share/cobot_trial2_description/meshes/link3_motor_v1_1.stl
-- Up-to-date: /home/lenovo/ultramotive_ws/install/cobot_trial2_description/share/cobot_trial2_description/meshes/base_motor_v1_1.stl
-- Up-to-date: /home/lenovo/ultramotive_ws/install/cobot_trial2_description/share/cobot_trial2_description/meshes/link1_v1_1.stl
-- Up-to-date: /home/lenovo/ultramotive_ws/install/cobot_trial2_description/share/cobot_trial2_description/meshes/link5_v1_1.stl
-- Up-to-date: /home/lenovo/ultramotive_ws/install/cobot_trial2_description/share/cobot_trial2_description/config
-- Up-to-date: /home/lenovo/ultramotive_ws/install/cobot_trial2_description/share/cobot_trial2_description/config/pilz_cartesian_limits.yaml
-- Up-to-date: /home/lenovo/ultramotive_ws/install/cobot_trial2_description/share/cobot_trial2_description/config/ros2_controllers.yaml
-- Up-to-date: /home/lenovo/ultramotive_ws/install/cobot_trial2_description/share/cobot_trial2_description/config/joint_limits.yaml
-- Up-to-date: /home/lenovo/ultramotive_ws/install/cobot_trial2_description/share/cobot_trial2_description/config/ompl_planning.yaml
-- Up-to-date: /home/lenovo/ultramotive_ws/install/cobot_trial2_description/share/cobot_trial2_description/config/kinematics.yaml
-- Up-to-date: /home/lenovo/ultramotive_ws/install/cobot_trial2_description/share/cobot_trial2_description/config/sensors_3d.yaml
-- Up-to-date: /home/lenovo/ultramotive_ws/install/cobot_trial2_description/share/cobot_trial2_description/config/moveit_controllers.yaml
-- Up-to-date: /home/lenovo/ultramotive_ws/install/cobot_trial2_description/share/cobot_trial2_description/config/display.rviz
-- Up-to-date: /home/lenovo/ultramotive_ws/install/cobot_trial2_description/share/cobot_trial2_description/config/planning_pipeline_config.yaml
-- Up-to-date: /home/lenovo/ultramotive_ws/install/cobot_trial2_description/share/cobot_trial2_description/config/moveit.rviz
-- Up-to-date: /home/lenovo/ultramotive_ws/install/cobot_trial2_description/share/cobot_trial2_description/config/initial_positions.yaml
-- Up-to-date: /home/lenovo/ultramotive_ws/install/cobot_trial2_description/share/ament_index/resource_index/package_run_dependencies/cobot_trial2_description
-- Up-to-date: /home/lenovo/ultramotive_ws/install/cobot_trial2_description/share/ament_index/resource_index/parent_prefix_path/cobot_trial2_description
-- Up-to-date: /home/lenovo/ultramotive_ws/install/cobot_trial2_description/share/cobot_trial2_description/environment/ament_prefix_path.sh
-- Installing: /home/lenovo/ultramotive_ws/install/cobot_trial2_description/share/cobot_trial2_description/environment/ament_prefix_path.dsv
-- Up-to-date: /home/lenovo/ultramotive_ws/install/cobot_trial2_description/share/cobot_trial2_description/environment/path.sh
-- Installing: /home/lenovo/ultramotive_ws/install/cobot_trial2_description/share/cobot_trial2_description/environment/path.dsv
-- Up-to-date: /home/lenovo/ultramotive_ws/install/cobot_trial2_description/share/cobot_trial2_description/local_setup.bash
-- Up-to-date: /home/lenovo/ultramotive_ws/install/cobot_trial2_description/share/cobot_trial2_description/local_setup.sh
-- Up-to-date: /home/lenovo/ultramotive_ws/install/cobot_trial2_description/share/cobot_trial2_description/local_setup.zsh
-- Installing: /home/lenovo/ultramotive_ws/install/cobot_trial2_description/share/cobot_trial2_description/local_setup.dsv
-- Installing: /home/lenovo/ultramotive_ws/install/cobot_trial2_description/share/cobot_trial2_description/package.dsv
-- Up-to-date: /home/lenovo/ultramotive_ws/install/cobot_trial2_description/share/ament_index/resource_index/packages/cobot_trial2_description
-- Up-to-date: /home/lenovo/ultramotive_ws/install/cobot_trial2_description/share/cobot_trial2_description/cmake/cobot_trial2_descriptionConfig.cmake
-- Up-to-date: /home/lenovo/ultramotive_ws/install/cobot_trial2_description/share/cobot_trial2_description/cmake/cobot_trial2_descriptionConfig-version.cmake
-- Up-to-date: /home/lenovo/ultramotive_ws/install/cobot_trial2_description/share/cobot_trial2_description/package.xml
