[0.177s] DEBUG:colcon:Command line arguments: ['/usr/bin/colcon', 'build']
[0.177s] DEBUG:colcon:Parsed command line arguments: Namespace(log_base=None, log_level=None, verb_name='build', build_base='build', install_base='install', merge_install=False, symlink_install=False, test_result_base=None, continue_on_error=False, executor='parallel', parallel_workers=12, event_handlers=None, ignore_user_meta=False, metas=['./colcon.meta'], base_paths=['.'], packages_ignore=None, packages_ignore_regex=None, paths=None, packages_up_to=None, packages_up_to_regex=None, packages_above=None, packages_above_and_dependencies=None, packages_above_depth=None, packages_select_by_dep=None, packages_skip_by_dep=None, packages_skip_up_to=None, packages_select_build_failed=False, packages_skip_build_finished=False, packages_select_test_failures=False, packages_skip_test_passed=False, packages_select=None, packages_skip=None, packages_select_regex=None, packages_skip_regex=None, packages_start=None, packages_end=None, allow_overriding=[], cmake_args=None, cmake_target=None, cmake_target_skip_unavailable=False, cmake_clean_cache=False, cmake_clean_first=False, cmake_force_configure=False, ament_cmake_args=None, catkin_cmake_args=None, catkin_skip_building_tests=False, mixin_files=None, mixin=None, verb_parser=<colcon_mixin.mixin.mixin_argument.MixinArgumentDecorator object at 0x7ff24035a7d0>, verb_extension=<colcon_core.verb.build.BuildVerb object at 0x7ff24035a140>, main=<bound method BuildVerb.main of <colcon_core.verb.build.BuildVerb object at 0x7ff24035a140>>, mixin_verb=('build',))
[0.427s] Level 1:colcon.colcon_core.package_discovery:discover_packages(colcon_meta) check parameters
[0.428s] Level 1:colcon.colcon_core.package_discovery:discover_packages(recursive) check parameters
[0.428s] Level 1:colcon.colcon_core.package_discovery:discover_packages(ignore) check parameters
[0.428s] Level 1:colcon.colcon_core.package_discovery:discover_packages(path) check parameters
[0.428s] Level 1:colcon.colcon_core.package_discovery:discover_packages(colcon_meta) discover
[0.428s] Level 1:colcon.colcon_core.package_discovery:discover_packages(recursive) discover
[0.428s] INFO:colcon.colcon_core.package_discovery:Crawling recursively for packages in '/home/lenovo/ultramotive_ws'
[0.428s] Level 1:colcon.colcon_core.package_identification:_identify(.) by extensions ['ignore', 'ignore_ament_install']
[0.428s] Level 1:colcon.colcon_core.package_identification:_identify(.) by extension 'ignore'
[0.428s] Level 1:colcon.colcon_core.package_identification:_identify(.) by extension 'ignore_ament_install'
[0.428s] Level 1:colcon.colcon_core.package_identification:_identify(.) by extensions ['colcon_pkg']
[0.428s] Level 1:colcon.colcon_core.package_identification:_identify(.) by extension 'colcon_pkg'
[0.429s] Level 1:colcon.colcon_core.package_identification:_identify(.) by extensions ['colcon_meta']
[0.429s] Level 1:colcon.colcon_core.package_identification:_identify(.) by extension 'colcon_meta'
[0.429s] Level 1:colcon.colcon_core.package_identification:_identify(.) by extensions ['ros']
[0.429s] Level 1:colcon.colcon_core.package_identification:_identify(.) by extension 'ros'
[0.444s] Level 1:colcon.colcon_core.package_identification:_identify(.) by extensions ['cmake', 'python']
[0.444s] Level 1:colcon.colcon_core.package_identification:_identify(.) by extension 'cmake'
[0.444s] Level 1:colcon.colcon_core.package_identification:_identify(.) by extension 'python'
[0.445s] Level 1:colcon.colcon_core.package_identification:_identify(.) by extensions ['python_setup_py']
[0.445s] Level 1:colcon.colcon_core.package_identification:_identify(.) by extension 'python_setup_py'
[0.445s] Level 1:colcon.colcon_core.package_identification:_identify(build) by extensions ['ignore', 'ignore_ament_install']
[0.445s] Level 1:colcon.colcon_core.package_identification:_identify(build) by extension 'ignore'
[0.445s] Level 1:colcon.colcon_core.package_identification:_identify(build) ignored
[0.445s] Level 1:colcon.colcon_core.package_identification:_identify(install) by extensions ['ignore', 'ignore_ament_install']
[0.445s] Level 1:colcon.colcon_core.package_identification:_identify(install) by extension 'ignore'
[0.445s] Level 1:colcon.colcon_core.package_identification:_identify(install) ignored
[0.445s] Level 1:colcon.colcon_core.package_identification:_identify(log) by extensions ['ignore', 'ignore_ament_install']
[0.446s] Level 1:colcon.colcon_core.package_identification:_identify(log) by extension 'ignore'
[0.446s] Level 1:colcon.colcon_core.package_identification:_identify(log) ignored
[0.446s] Level 1:colcon.colcon_core.package_identification:_identify(src) by extensions ['ignore', 'ignore_ament_install']
[0.446s] Level 1:colcon.colcon_core.package_identification:_identify(src) by extension 'ignore'
[0.446s] Level 1:colcon.colcon_core.package_identification:_identify(src) by extension 'ignore_ament_install'
[0.446s] Level 1:colcon.colcon_core.package_identification:_identify(src) by extensions ['colcon_pkg']
[0.446s] Level 1:colcon.colcon_core.package_identification:_identify(src) by extension 'colcon_pkg'
[0.446s] Level 1:colcon.colcon_core.package_identification:_identify(src) by extensions ['colcon_meta']
[0.446s] Level 1:colcon.colcon_core.package_identification:_identify(src) by extension 'colcon_meta'
[0.446s] Level 1:colcon.colcon_core.package_identification:_identify(src) by extensions ['ros']
[0.446s] Level 1:colcon.colcon_core.package_identification:_identify(src) by extension 'ros'
[0.446s] Level 1:colcon.colcon_core.package_identification:_identify(src) by extensions ['cmake', 'python']
[0.446s] Level 1:colcon.colcon_core.package_identification:_identify(src) by extension 'cmake'
[0.446s] Level 1:colcon.colcon_core.package_identification:_identify(src) by extension 'python'
[0.447s] Level 1:colcon.colcon_core.package_identification:_identify(src) by extensions ['python_setup_py']
[0.447s] Level 1:colcon.colcon_core.package_identification:_identify(src) by extension 'python_setup_py'
[0.447s] Level 1:colcon.colcon_core.package_identification:_identify(src/cobot2_new) by extensions ['ignore', 'ignore_ament_install']
[0.447s] Level 1:colcon.colcon_core.package_identification:_identify(src/cobot2_new) by extension 'ignore'
[0.447s] Level 1:colcon.colcon_core.package_identification:_identify(src/cobot2_new) by extension 'ignore_ament_install'
[0.447s] Level 1:colcon.colcon_core.package_identification:_identify(src/cobot2_new) by extensions ['colcon_pkg']
[0.447s] Level 1:colcon.colcon_core.package_identification:_identify(src/cobot2_new) by extension 'colcon_pkg'
[0.447s] Level 1:colcon.colcon_core.package_identification:_identify(src/cobot2_new) by extensions ['colcon_meta']
[0.447s] Level 1:colcon.colcon_core.package_identification:_identify(src/cobot2_new) by extension 'colcon_meta'
[0.447s] Level 1:colcon.colcon_core.package_identification:_identify(src/cobot2_new) by extensions ['ros']
[0.447s] Level 1:colcon.colcon_core.package_identification:_identify(src/cobot2_new) by extension 'ros'
[0.451s] DEBUG:colcon.colcon_core.package_identification:Package 'src/cobot2_new' with type 'ros.ament_cmake' and name 'cobot2_new'
[0.452s] Level 1:colcon.colcon_core.package_identification:_identify(src/cobot_trial2_description) by extensions ['ignore', 'ignore_ament_install']
[0.452s] Level 1:colcon.colcon_core.package_identification:_identify(src/cobot_trial2_description) by extension 'ignore'
[0.452s] Level 1:colcon.colcon_core.package_identification:_identify(src/cobot_trial2_description) by extension 'ignore_ament_install'
[0.452s] Level 1:colcon.colcon_core.package_identification:_identify(src/cobot_trial2_description) by extensions ['colcon_pkg']
[0.452s] Level 1:colcon.colcon_core.package_identification:_identify(src/cobot_trial2_description) by extension 'colcon_pkg'
[0.452s] Level 1:colcon.colcon_core.package_identification:_identify(src/cobot_trial2_description) by extensions ['colcon_meta']
[0.452s] Level 1:colcon.colcon_core.package_identification:_identify(src/cobot_trial2_description) by extension 'colcon_meta'
[0.452s] Level 1:colcon.colcon_core.package_identification:_identify(src/cobot_trial2_description) by extensions ['ros']
[0.452s] Level 1:colcon.colcon_core.package_identification:_identify(src/cobot_trial2_description) by extension 'ros'
[0.457s] DEBUG:colcon.colcon_core.package_identification:Package 'src/cobot_trial2_description' with type 'ros.ament_cmake' and name 'cobot_trial2_description'
[0.458s] Level 1:colcon.colcon_core.package_discovery:discover_packages(recursive) using defaults
[0.458s] Level 1:colcon.colcon_core.package_discovery:discover_packages(ignore) discover
[0.458s] Level 1:colcon.colcon_core.package_discovery:discover_packages(ignore) using defaults
[0.458s] Level 1:colcon.colcon_core.package_discovery:discover_packages(path) discover
[0.458s] Level 1:colcon.colcon_core.package_discovery:discover_packages(path) using defaults
[0.520s] Level 1:colcon.colcon_core.package_discovery:discover_packages(prefix_path) check parameters
[0.521s] Level 1:colcon.colcon_core.package_discovery:discover_packages(prefix_path) discover
[0.523s] DEBUG:colcon.colcon_installed_package_information.package_discovery:Found 2 installed packages in /home/lenovo/ultramotive_ws/install
[0.526s] DEBUG:colcon.colcon_installed_package_information.package_discovery:Found 446 installed packages in /opt/ros/humble
[0.529s] Level 1:colcon.colcon_core.package_discovery:discover_packages(prefix_path) using defaults
[0.606s] Level 5:colcon.colcon_core.verb:set package 'cobot_trial2_description' build argument 'cmake_args' from command line to 'None'
[0.606s] Level 5:colcon.colcon_core.verb:set package 'cobot_trial2_description' build argument 'cmake_target' from command line to 'None'
[0.606s] Level 5:colcon.colcon_core.verb:set package 'cobot_trial2_description' build argument 'cmake_target_skip_unavailable' from command line to 'False'
[0.607s] Level 5:colcon.colcon_core.verb:set package 'cobot_trial2_description' build argument 'cmake_clean_cache' from command line to 'False'
[0.607s] Level 5:colcon.colcon_core.verb:set package 'cobot_trial2_description' build argument 'cmake_clean_first' from command line to 'False'
[0.607s] Level 5:colcon.colcon_core.verb:set package 'cobot_trial2_description' build argument 'cmake_force_configure' from command line to 'False'
[0.607s] Level 5:colcon.colcon_core.verb:set package 'cobot_trial2_description' build argument 'ament_cmake_args' from command line to 'None'
[0.607s] Level 5:colcon.colcon_core.verb:set package 'cobot_trial2_description' build argument 'catkin_cmake_args' from command line to 'None'
[0.607s] Level 5:colcon.colcon_core.verb:set package 'cobot_trial2_description' build argument 'catkin_skip_building_tests' from command line to 'False'
[0.607s] DEBUG:colcon.colcon_core.verb:Building package 'cobot_trial2_description' with the following arguments: {'ament_cmake_args': None, 'build_base': '/home/lenovo/ultramotive_ws/build/cobot_trial2_description', 'catkin_cmake_args': None, 'catkin_skip_building_tests': False, 'cmake_args': None, 'cmake_clean_cache': False, 'cmake_clean_first': False, 'cmake_force_configure': False, 'cmake_target': None, 'cmake_target_skip_unavailable': False, 'install_base': '/home/lenovo/ultramotive_ws/install/cobot_trial2_description', 'merge_install': False, 'path': '/home/lenovo/ultramotive_ws/src/cobot_trial2_description', 'symlink_install': False, 'test_result_base': None}
[0.607s] Level 5:colcon.colcon_core.verb:set package 'cobot2_new' build argument 'cmake_args' from command line to 'None'
[0.607s] Level 5:colcon.colcon_core.verb:set package 'cobot2_new' build argument 'cmake_target' from command line to 'None'
[0.607s] Level 5:colcon.colcon_core.verb:set package 'cobot2_new' build argument 'cmake_target_skip_unavailable' from command line to 'False'
[0.607s] Level 5:colcon.colcon_core.verb:set package 'cobot2_new' build argument 'cmake_clean_cache' from command line to 'False'
[0.607s] Level 5:colcon.colcon_core.verb:set package 'cobot2_new' build argument 'cmake_clean_first' from command line to 'False'
[0.607s] Level 5:colcon.colcon_core.verb:set package 'cobot2_new' build argument 'cmake_force_configure' from command line to 'False'
[0.607s] Level 5:colcon.colcon_core.verb:set package 'cobot2_new' build argument 'ament_cmake_args' from command line to 'None'
[0.608s] Level 5:colcon.colcon_core.verb:set package 'cobot2_new' build argument 'catkin_cmake_args' from command line to 'None'
[0.608s] Level 5:colcon.colcon_core.verb:set package 'cobot2_new' build argument 'catkin_skip_building_tests' from command line to 'False'
[0.608s] DEBUG:colcon.colcon_core.verb:Building package 'cobot2_new' with the following arguments: {'ament_cmake_args': None, 'build_base': '/home/lenovo/ultramotive_ws/build/cobot2_new', 'catkin_cmake_args': None, 'catkin_skip_building_tests': False, 'cmake_args': None, 'cmake_clean_cache': False, 'cmake_clean_first': False, 'cmake_force_configure': False, 'cmake_target': None, 'cmake_target_skip_unavailable': False, 'install_base': '/home/lenovo/ultramotive_ws/install/cobot2_new', 'merge_install': False, 'path': '/home/lenovo/ultramotive_ws/src/cobot2_new', 'symlink_install': False, 'test_result_base': None}
[0.608s] INFO:colcon.colcon_core.executor:Executing jobs using 'parallel' executor
[0.610s] DEBUG:colcon.colcon_parallel_executor.executor.parallel:run_until_complete
[0.610s] INFO:colcon.colcon_ros.task.ament_cmake.build:Building ROS package in '/home/lenovo/ultramotive_ws/src/cobot_trial2_description' with build type 'ament_cmake'
[0.610s] INFO:colcon.colcon_cmake.task.cmake.build:Building CMake package in '/home/lenovo/ultramotive_ws/src/cobot_trial2_description'
[0.613s] INFO:colcon.colcon_core.plugin_system:Skipping extension 'colcon_core.shell.bat': Not used on non-Windows systems
[0.614s] INFO:colcon.colcon_core.shell:Skip shell extension 'powershell' for command environment: Not usable outside of PowerShell
[0.614s] DEBUG:colcon.colcon_core.shell:Skip shell extension 'dsv' for command environment
[0.632s] DEBUG:colcon.colcon_core.event_handler.log_command:Invoking command in '/home/lenovo/ultramotive_ws/build/cobot_trial2_description': CMAKE_PREFIX_PATH=${CMAKE_PREFIX_PATH}:/opt/ros/humble /usr/bin/cmake --build /home/lenovo/ultramotive_ws/build/cobot_trial2_description -- -j12 -l12
[1.223s] DEBUG:colcon.colcon_core.event_handler.log_command:Invoked command in '/home/lenovo/ultramotive_ws/build/cobot_trial2_description' returned '0': CMAKE_PREFIX_PATH=${CMAKE_PREFIX_PATH}:/opt/ros/humble /usr/bin/cmake --build /home/lenovo/ultramotive_ws/build/cobot_trial2_description -- -j12 -l12
[1.243s] DEBUG:colcon.colcon_core.event_handler.log_command:Invoking command in '/home/lenovo/ultramotive_ws/build/cobot_trial2_description': CMAKE_PREFIX_PATH=${CMAKE_PREFIX_PATH}:/opt/ros/humble /usr/bin/cmake --install /home/lenovo/ultramotive_ws/build/cobot_trial2_description
[1.324s] Level 1:colcon.colcon_core.environment:create_environment_scripts_only(cobot_trial2_description)
[1.324s] DEBUG:colcon.colcon_core.event_handler.log_command:Invoked command in '/home/lenovo/ultramotive_ws/build/cobot_trial2_description' returned '0': CMAKE_PREFIX_PATH=${CMAKE_PREFIX_PATH}:/opt/ros/humble /usr/bin/cmake --install /home/lenovo/ultramotive_ws/build/cobot_trial2_description
[1.328s] Level 1:colcon.colcon_core.environment:checking '/home/lenovo/ultramotive_ws/install/cobot_trial2_description' for CMake module files
[1.328s] Level 1:colcon.colcon_core.environment:checking '/home/lenovo/ultramotive_ws/install/cobot_trial2_description' for CMake config files
[1.329s] Level 1:colcon.colcon_core.shell:create_environment_hook('cobot_trial2_description', 'cmake_prefix_path')
[1.329s] INFO:colcon.colcon_core.shell:Creating environment hook '/home/lenovo/ultramotive_ws/install/cobot_trial2_description/share/cobot_trial2_description/hook/cmake_prefix_path.ps1'
[1.330s] INFO:colcon.colcon_core.shell:Creating environment descriptor '/home/lenovo/ultramotive_ws/install/cobot_trial2_description/share/cobot_trial2_description/hook/cmake_prefix_path.dsv'
[1.331s] INFO:colcon.colcon_core.shell:Creating environment hook '/home/lenovo/ultramotive_ws/install/cobot_trial2_description/share/cobot_trial2_description/hook/cmake_prefix_path.sh'
[1.332s] Level 1:colcon.colcon_core.environment:checking '/home/lenovo/ultramotive_ws/install/cobot_trial2_description/lib'
[1.332s] Level 1:colcon.colcon_core.environment:checking '/home/lenovo/ultramotive_ws/install/cobot_trial2_description/bin'
[1.332s] Level 1:colcon.colcon_core.environment:checking '/home/lenovo/ultramotive_ws/install/cobot_trial2_description/lib/pkgconfig/cobot_trial2_description.pc'
[1.333s] Level 1:colcon.colcon_core.environment:checking '/home/lenovo/ultramotive_ws/install/cobot_trial2_description/lib/python3.10/site-packages'
[1.333s] Level 1:colcon.colcon_core.environment:checking '/home/lenovo/ultramotive_ws/install/cobot_trial2_description/bin'
[1.333s] INFO:colcon.colcon_core.shell:Creating package script '/home/lenovo/ultramotive_ws/install/cobot_trial2_description/share/cobot_trial2_description/package.ps1'
[1.335s] INFO:colcon.colcon_core.shell:Creating package descriptor '/home/lenovo/ultramotive_ws/install/cobot_trial2_description/share/cobot_trial2_description/package.dsv'
[1.336s] INFO:colcon.colcon_core.shell:Creating package script '/home/lenovo/ultramotive_ws/install/cobot_trial2_description/share/cobot_trial2_description/package.sh'
[1.337s] INFO:colcon.colcon_core.shell:Creating package script '/home/lenovo/ultramotive_ws/install/cobot_trial2_description/share/cobot_trial2_description/package.bash'
[1.338s] INFO:colcon.colcon_core.shell:Creating package script '/home/lenovo/ultramotive_ws/install/cobot_trial2_description/share/cobot_trial2_description/package.zsh'
[1.338s] Level 1:colcon.colcon_core.environment:create_file_with_runtime_dependencies(/home/lenovo/ultramotive_ws/install/cobot_trial2_description/share/colcon-core/packages/cobot_trial2_description)
[1.339s] Level 1:colcon.colcon_core.environment:create_environment_scripts_only(cobot_trial2_description)
[1.340s] Level 1:colcon.colcon_core.environment:checking '/home/lenovo/ultramotive_ws/install/cobot_trial2_description' for CMake module files
[1.340s] Level 1:colcon.colcon_core.environment:checking '/home/lenovo/ultramotive_ws/install/cobot_trial2_description' for CMake config files
[1.341s] Level 1:colcon.colcon_core.shell:create_environment_hook('cobot_trial2_description', 'cmake_prefix_path')
[1.341s] INFO:colcon.colcon_core.shell:Creating environment hook '/home/lenovo/ultramotive_ws/install/cobot_trial2_description/share/cobot_trial2_description/hook/cmake_prefix_path.ps1'
[1.342s] INFO:colcon.colcon_core.shell:Creating environment descriptor '/home/lenovo/ultramotive_ws/install/cobot_trial2_description/share/cobot_trial2_description/hook/cmake_prefix_path.dsv'
[1.343s] INFO:colcon.colcon_core.shell:Creating environment hook '/home/lenovo/ultramotive_ws/install/cobot_trial2_description/share/cobot_trial2_description/hook/cmake_prefix_path.sh'
[1.344s] Level 1:colcon.colcon_core.environment:checking '/home/lenovo/ultramotive_ws/install/cobot_trial2_description/lib'
[1.344s] Level 1:colcon.colcon_core.environment:checking '/home/lenovo/ultramotive_ws/install/cobot_trial2_description/bin'
[1.344s] Level 1:colcon.colcon_core.environment:checking '/home/lenovo/ultramotive_ws/install/cobot_trial2_description/lib/pkgconfig/cobot_trial2_description.pc'
[1.344s] Level 1:colcon.colcon_core.environment:checking '/home/lenovo/ultramotive_ws/install/cobot_trial2_description/lib/python3.10/site-packages'
[1.344s] Level 1:colcon.colcon_core.environment:checking '/home/lenovo/ultramotive_ws/install/cobot_trial2_description/bin'
[1.345s] INFO:colcon.colcon_core.shell:Creating package script '/home/lenovo/ultramotive_ws/install/cobot_trial2_description/share/cobot_trial2_description/package.ps1'
[1.346s] INFO:colcon.colcon_core.shell:Creating package descriptor '/home/lenovo/ultramotive_ws/install/cobot_trial2_description/share/cobot_trial2_description/package.dsv'
[1.346s] INFO:colcon.colcon_core.shell:Creating package script '/home/lenovo/ultramotive_ws/install/cobot_trial2_description/share/cobot_trial2_description/package.sh'
[1.347s] INFO:colcon.colcon_core.shell:Creating package script '/home/lenovo/ultramotive_ws/install/cobot_trial2_description/share/cobot_trial2_description/package.bash'
[1.348s] INFO:colcon.colcon_core.shell:Creating package script '/home/lenovo/ultramotive_ws/install/cobot_trial2_description/share/cobot_trial2_description/package.zsh'
[1.348s] Level 1:colcon.colcon_core.environment:create_file_with_runtime_dependencies(/home/lenovo/ultramotive_ws/install/cobot_trial2_description/share/colcon-core/packages/cobot_trial2_description)
[1.349s] INFO:colcon.colcon_ros.task.ament_cmake.build:Building ROS package in '/home/lenovo/ultramotive_ws/src/cobot2_new' with build type 'ament_cmake'
[1.349s] INFO:colcon.colcon_cmake.task.cmake.build:Building CMake package in '/home/lenovo/ultramotive_ws/src/cobot2_new'
[1.349s] INFO:colcon.colcon_core.shell:Skip shell extension 'powershell' for command environment: Not usable outside of PowerShell
[1.349s] DEBUG:colcon.colcon_core.shell:Skip shell extension 'dsv' for command environment
[1.367s] DEBUG:colcon.colcon_core.event_handler.log_command:Invoking command in '/home/lenovo/ultramotive_ws/build/cobot2_new': CMAKE_PREFIX_PATH=/home/lenovo/ultramotive_ws/install/cobot_trial2_description:/home/lenovo/ultramotive_ws/install/cobot2_new:/opt/ros/humble /usr/bin/cmake --build /home/lenovo/ultramotive_ws/build/cobot2_new -- -j12 -l12
[1.442s] DEBUG:colcon.colcon_core.event_handler.log_command:Invoked command in '/home/lenovo/ultramotive_ws/build/cobot2_new' returned '0': CMAKE_PREFIX_PATH=/home/lenovo/ultramotive_ws/install/cobot_trial2_description:/home/lenovo/ultramotive_ws/install/cobot2_new:/opt/ros/humble /usr/bin/cmake --build /home/lenovo/ultramotive_ws/build/cobot2_new -- -j12 -l12
[1.447s] DEBUG:colcon.colcon_core.event_handler.log_command:Invoking command in '/home/lenovo/ultramotive_ws/build/cobot2_new': CMAKE_PREFIX_PATH=/home/lenovo/ultramotive_ws/install/cobot_trial2_description:/home/lenovo/ultramotive_ws/install/cobot2_new:/opt/ros/humble /usr/bin/cmake --install /home/lenovo/ultramotive_ws/build/cobot2_new
[1.466s] Level 1:colcon.colcon_core.environment:create_environment_scripts_only(cobot2_new)
[1.467s] Level 1:colcon.colcon_core.environment:checking '/home/lenovo/ultramotive_ws/install/cobot2_new' for CMake module files
[1.467s] DEBUG:colcon.colcon_core.event_handler.log_command:Invoked command in '/home/lenovo/ultramotive_ws/build/cobot2_new' returned '0': CMAKE_PREFIX_PATH=/home/lenovo/ultramotive_ws/install/cobot_trial2_description:/home/lenovo/ultramotive_ws/install/cobot2_new:/opt/ros/humble /usr/bin/cmake --install /home/lenovo/ultramotive_ws/build/cobot2_new
[1.468s] Level 1:colcon.colcon_core.environment:checking '/home/lenovo/ultramotive_ws/install/cobot2_new' for CMake config files
[1.469s] Level 1:colcon.colcon_core.shell:create_environment_hook('cobot2_new', 'cmake_prefix_path')
[1.469s] INFO:colcon.colcon_core.shell:Creating environment hook '/home/lenovo/ultramotive_ws/install/cobot2_new/share/cobot2_new/hook/cmake_prefix_path.ps1'
[1.470s] INFO:colcon.colcon_core.shell:Creating environment descriptor '/home/lenovo/ultramotive_ws/install/cobot2_new/share/cobot2_new/hook/cmake_prefix_path.dsv'
[1.471s] INFO:colcon.colcon_core.shell:Creating environment hook '/home/lenovo/ultramotive_ws/install/cobot2_new/share/cobot2_new/hook/cmake_prefix_path.sh'
[1.472s] Level 1:colcon.colcon_core.environment:checking '/home/lenovo/ultramotive_ws/install/cobot2_new/bin'
[1.473s] Level 1:colcon.colcon_core.environment:checking '/home/lenovo/ultramotive_ws/install/cobot2_new/lib/pkgconfig/cobot2_new.pc'
[1.473s] Level 1:colcon.colcon_core.environment:checking '/home/lenovo/ultramotive_ws/install/cobot2_new/lib/python3.10/site-packages'
[1.473s] Level 1:colcon.colcon_core.environment:checking '/home/lenovo/ultramotive_ws/install/cobot2_new/bin'
[1.474s] INFO:colcon.colcon_core.shell:Creating package script '/home/lenovo/ultramotive_ws/install/cobot2_new/share/cobot2_new/package.ps1'
[1.475s] INFO:colcon.colcon_core.shell:Creating package descriptor '/home/lenovo/ultramotive_ws/install/cobot2_new/share/cobot2_new/package.dsv'
[1.476s] INFO:colcon.colcon_core.shell:Creating package script '/home/lenovo/ultramotive_ws/install/cobot2_new/share/cobot2_new/package.sh'
[1.477s] INFO:colcon.colcon_core.shell:Creating package script '/home/lenovo/ultramotive_ws/install/cobot2_new/share/cobot2_new/package.bash'
[1.478s] INFO:colcon.colcon_core.shell:Creating package script '/home/lenovo/ultramotive_ws/install/cobot2_new/share/cobot2_new/package.zsh'
[1.478s] Level 1:colcon.colcon_core.environment:create_file_with_runtime_dependencies(/home/lenovo/ultramotive_ws/install/cobot2_new/share/colcon-core/packages/cobot2_new)
[1.480s] Level 1:colcon.colcon_core.environment:create_environment_scripts_only(cobot2_new)
[1.480s] Level 1:colcon.colcon_core.environment:checking '/home/lenovo/ultramotive_ws/install/cobot2_new' for CMake module files
[1.481s] Level 1:colcon.colcon_core.environment:checking '/home/lenovo/ultramotive_ws/install/cobot2_new' for CMake config files
[1.482s] Level 1:colcon.colcon_core.shell:create_environment_hook('cobot2_new', 'cmake_prefix_path')
[1.482s] INFO:colcon.colcon_core.shell:Creating environment hook '/home/lenovo/ultramotive_ws/install/cobot2_new/share/cobot2_new/hook/cmake_prefix_path.ps1'
[1.483s] INFO:colcon.colcon_core.shell:Creating environment descriptor '/home/lenovo/ultramotive_ws/install/cobot2_new/share/cobot2_new/hook/cmake_prefix_path.dsv'
[1.484s] INFO:colcon.colcon_core.shell:Creating environment hook '/home/lenovo/ultramotive_ws/install/cobot2_new/share/cobot2_new/hook/cmake_prefix_path.sh'
[1.485s] Level 1:colcon.colcon_core.environment:checking '/home/lenovo/ultramotive_ws/install/cobot2_new/bin'
[1.485s] Level 1:colcon.colcon_core.environment:checking '/home/lenovo/ultramotive_ws/install/cobot2_new/lib/pkgconfig/cobot2_new.pc'
[1.486s] Level 1:colcon.colcon_core.environment:checking '/home/lenovo/ultramotive_ws/install/cobot2_new/lib/python3.10/site-packages'
[1.486s] Level 1:colcon.colcon_core.environment:checking '/home/lenovo/ultramotive_ws/install/cobot2_new/bin'
[1.487s] INFO:colcon.colcon_core.shell:Creating package script '/home/lenovo/ultramotive_ws/install/cobot2_new/share/cobot2_new/package.ps1'
[1.488s] INFO:colcon.colcon_core.shell:Creating package descriptor '/home/lenovo/ultramotive_ws/install/cobot2_new/share/cobot2_new/package.dsv'
[1.490s] INFO:colcon.colcon_core.shell:Creating package script '/home/lenovo/ultramotive_ws/install/cobot2_new/share/cobot2_new/package.sh'
[1.490s] INFO:colcon.colcon_core.shell:Creating package script '/home/lenovo/ultramotive_ws/install/cobot2_new/share/cobot2_new/package.bash'
[1.491s] INFO:colcon.colcon_core.shell:Creating package script '/home/lenovo/ultramotive_ws/install/cobot2_new/share/cobot2_new/package.zsh'
[1.492s] Level 1:colcon.colcon_core.environment:create_file_with_runtime_dependencies(/home/lenovo/ultramotive_ws/install/cobot2_new/share/colcon-core/packages/cobot2_new)
[1.493s] DEBUG:colcon.colcon_parallel_executor.executor.parallel:closing loop
[1.494s] DEBUG:colcon.colcon_parallel_executor.executor.parallel:loop closed
[1.494s] DEBUG:colcon.colcon_parallel_executor.executor.parallel:run_until_complete finished with '0'
[1.494s] DEBUG:colcon.colcon_core.event_reactor:joining thread
[1.503s] INFO:colcon.colcon_core.plugin_system:Skipping extension 'colcon_notification.desktop_notification.terminal_notifier': Not used on non-Darwin systems
[1.503s] INFO:colcon.colcon_core.plugin_system:Skipping extension 'colcon_notification.desktop_notification.win32': Not used on non-Windows systems
[1.503s] INFO:colcon.colcon_notification.desktop_notification:Sending desktop notification using 'notify2'
[1.536s] DEBUG:colcon.colcon_core.event_reactor:joined thread
[1.537s] INFO:colcon.colcon_core.shell:Creating prefix script '/home/lenovo/ultramotive_ws/install/local_setup.ps1'
[1.540s] INFO:colcon.colcon_core.shell:Creating prefix util module '/home/lenovo/ultramotive_ws/install/_local_setup_util_ps1.py'
[1.542s] INFO:colcon.colcon_core.shell:Creating prefix chain script '/home/lenovo/ultramotive_ws/install/setup.ps1'
[1.544s] INFO:colcon.colcon_core.shell:Creating prefix script '/home/lenovo/ultramotive_ws/install/local_setup.sh'
[1.545s] INFO:colcon.colcon_core.shell:Creating prefix util module '/home/lenovo/ultramotive_ws/install/_local_setup_util_sh.py'
[1.546s] INFO:colcon.colcon_core.shell:Creating prefix chain script '/home/lenovo/ultramotive_ws/install/setup.sh'
[1.547s] INFO:colcon.colcon_core.shell:Creating prefix script '/home/lenovo/ultramotive_ws/install/local_setup.bash'
[1.548s] INFO:colcon.colcon_core.shell:Creating prefix chain script '/home/lenovo/ultramotive_ws/install/setup.bash'
[1.550s] INFO:colcon.colcon_core.shell:Creating prefix script '/home/lenovo/ultramotive_ws/install/local_setup.zsh'
[1.551s] INFO:colcon.colcon_core.shell:Creating prefix chain script '/home/lenovo/ultramotive_ws/install/setup.zsh'
