[0.012s] Invoking command in '/home/lenovo/ultramotive_ws/build/cobot_trial2_description': CMAKE_PREFIX_PATH=${CMAKE_PREFIX_PATH}:/opt/ros/humble /usr/bin/cmake --build /home/lenovo/ultramotive_ws/build/cobot_trial2_description -- -j12 -l12
[0.077s] [ 50%] Built target fk_node
[0.077s] [100%] Built target ik_node
[0.091s] Invoked command in '/home/lenovo/ultramotive_ws/build/cobot_trial2_description' returned '0': CMAKE_PREFIX_PATH=${CMAKE_PREFIX_PATH}:/opt/ros/humble /usr/bin/cmake --build /home/lenovo/ultramotive_ws/build/cobot_trial2_description -- -j12 -l12
[0.110s] Invoking command in '/home/lenovo/ultramotive_ws/build/cobot_trial2_description': CMAKE_PREFIX_PATH=${CMAKE_PREFIX_PATH}:/opt/ros/humble /usr/bin/cmake --install /home/lenovo/ultramotive_ws/build/cobot_trial2_description
[0.117s] -- Install configuration: ""
[0.118s] -- Up-to-date: /home/lenovo/ultramotive_ws/install/cobot_trial2_description/lib/cobot_trial2_description/fk_node
[0.118s] -- Up-to-date: /home/lenovo/ultramotive_ws/install/cobot_trial2_description/lib/cobot_trial2_description/ik_node
[0.118s] -- Up-to-date: /home/lenovo/ultramotive_ws/install/cobot_trial2_description/share/cobot_trial2_description/launch
[0.118s] -- Up-to-date: /home/lenovo/ultramotive_ws/install/cobot_trial2_description/share/cobot_trial2_description/launch/display.launch.py
[0.118s] -- Up-to-date: /home/lenovo/ultramotive_ws/install/cobot_trial2_description/share/cobot_trial2_description/launch/moveit_rviz.launch.py
[0.119s] -- Up-to-date: /home/lenovo/ultramotive_ws/install/cobot_trial2_description/share/cobot_trial2_description/launch/gazebo.launch.py
[0.119s] -- Up-to-date: /home/lenovo/ultramotive_ws/install/cobot_trial2_description/share/cobot_trial2_description/launch/launch_all.launch.py
[0.119s] -- Up-to-date: /home/lenovo/ultramotive_ws/install/cobot_trial2_description/share/cobot_trial2_description/launch/gazebo_simulation.launch.py
[0.119s] -- Up-to-date: /home/lenovo/ultramotive_ws/install/cobot_trial2_description/share/cobot_trial2_description/launch/moveit_gazebo_simulation.launch.py
[0.120s] -- Up-to-date: /home/lenovo/ultramotive_ws/install/cobot_trial2_description/share/cobot_trial2_description/urdf
[0.120s] -- Up-to-date: /home/lenovo/ultramotive_ws/install/cobot_trial2_description/share/cobot_trial2_description/urdf/cobot_trial2.trans
[0.120s] -- Up-to-date: /home/lenovo/ultramotive_ws/install/cobot_trial2_description/share/cobot_trial2_description/urdf/cobot_trial2.xacro
[0.120s] -- Up-to-date: /home/lenovo/ultramotive_ws/install/cobot_trial2_description/share/cobot_trial2_description/urdf/cobot_trial2.gazebo
[0.120s] -- Up-to-date: /home/lenovo/ultramotive_ws/install/cobot_trial2_description/share/cobot_trial2_description/urdf/materials.xacro
[0.120s] -- Up-to-date: /home/lenovo/ultramotive_ws/install/cobot_trial2_description/share/cobot_trial2_description/urdf/cobot_trial2.srdf
[0.120s] -- Installing: /home/lenovo/ultramotive_ws/install/cobot_trial2_description/share/cobot_trial2_description/urdf/cobot_trial2.urdf
[0.121s] -- Up-to-date: /home/lenovo/ultramotive_ws/install/cobot_trial2_description/share/cobot_trial2_description/meshes
[0.121s] -- Up-to-date: /home/lenovo/ultramotive_ws/install/cobot_trial2_description/share/cobot_trial2_description/meshes/link4_motor_v1_1.stl
[0.121s] -- Up-to-date: /home/lenovo/ultramotive_ws/install/cobot_trial2_description/share/cobot_trial2_description/meshes/link2_motor_v1_1.stl
[0.121s] -- Up-to-date: /home/lenovo/ultramotive_ws/install/cobot_trial2_description/share/cobot_trial2_description/meshes/link3_v1_1.stl
[0.121s] -- Up-to-date: /home/lenovo/ultramotive_ws/install/cobot_trial2_description/share/cobot_trial2_description/meshes/base_link.stl
[0.121s] -- Up-to-date: /home/lenovo/ultramotive_ws/install/cobot_trial2_description/share/cobot_trial2_description/meshes/link2_v1_1.stl
[0.122s] -- Up-to-date: /home/lenovo/ultramotive_ws/install/cobot_trial2_description/share/cobot_trial2_description/meshes/link4_v1_1.stl
[0.122s] -- Up-to-date: /home/lenovo/ultramotive_ws/install/cobot_trial2_description/share/cobot_trial2_description/meshes/link1_motor_v1_1.stl
[0.122s] -- Up-to-date: /home/lenovo/ultramotive_ws/install/cobot_trial2_description/share/cobot_trial2_description/meshes/link3_motor_v1_1.stl
[0.122s] -- Up-to-date: /home/lenovo/ultramotive_ws/install/cobot_trial2_description/share/cobot_trial2_description/meshes/base_motor_v1_1.stl
[0.123s] -- Up-to-date: /home/lenovo/ultramotive_ws/install/cobot_trial2_description/share/cobot_trial2_description/meshes/link1_v1_1.stl
[0.123s] -- Up-to-date: /home/lenovo/ultramotive_ws/install/cobot_trial2_description/share/cobot_trial2_description/meshes/link5_v1_1.stl
[0.124s] -- Up-to-date: /home/lenovo/ultramotive_ws/install/cobot_trial2_description/share/cobot_trial2_description/config
[0.124s] -- Up-to-date: /home/lenovo/ultramotive_ws/install/cobot_trial2_description/share/cobot_trial2_description/config/pilz_cartesian_limits.yaml
[0.124s] -- Up-to-date: /home/lenovo/ultramotive_ws/install/cobot_trial2_description/share/cobot_trial2_description/config/ros2_controllers.yaml
[0.125s] -- Up-to-date: /home/lenovo/ultramotive_ws/install/cobot_trial2_description/share/cobot_trial2_description/config/joint_limits.yaml
[0.125s] -- Up-to-date: /home/lenovo/ultramotive_ws/install/cobot_trial2_description/share/cobot_trial2_description/config/ompl_planning.yaml
[0.125s] -- Up-to-date: /home/lenovo/ultramotive_ws/install/cobot_trial2_description/share/cobot_trial2_description/config/kinematics.yaml
[0.126s] -- Up-to-date: /home/lenovo/ultramotive_ws/install/cobot_trial2_description/share/cobot_trial2_description/config/sensors_3d.yaml
[0.126s] -- Up-to-date: /home/lenovo/ultramotive_ws/install/cobot_trial2_description/share/cobot_trial2_description/config/moveit_controllers.yaml
[0.126s] -- Up-to-date: /home/lenovo/ultramotive_ws/install/cobot_trial2_description/share/cobot_trial2_description/config/display.rviz
[0.126s] -- Up-to-date: /home/lenovo/ultramotive_ws/install/cobot_trial2_description/share/cobot_trial2_description/config/planning_pipeline_config.yaml
[0.127s] -- Up-to-date: /home/lenovo/ultramotive_ws/install/cobot_trial2_description/share/cobot_trial2_description/config/moveit.rviz
[0.128s] -- Up-to-date: /home/lenovo/ultramotive_ws/install/cobot_trial2_description/share/cobot_trial2_description/config/initial_positions.yaml
[0.128s] -- Up-to-date: /home/lenovo/ultramotive_ws/install/cobot_trial2_description/share/ament_index/resource_index/package_run_dependencies/cobot_trial2_description
[0.128s] -- Up-to-date: /home/lenovo/ultramotive_ws/install/cobot_trial2_description/share/ament_index/resource_index/parent_prefix_path/cobot_trial2_description
[0.128s] -- Up-to-date: /home/lenovo/ultramotive_ws/install/cobot_trial2_description/share/cobot_trial2_description/environment/ament_prefix_path.sh
[0.128s] -- Up-to-date: /home/lenovo/ultramotive_ws/install/cobot_trial2_description/share/cobot_trial2_description/environment/ament_prefix_path.dsv
[0.129s] -- Up-to-date: /home/lenovo/ultramotive_ws/install/cobot_trial2_description/share/cobot_trial2_description/environment/path.sh
[0.129s] -- Up-to-date: /home/lenovo/ultramotive_ws/install/cobot_trial2_description/share/cobot_trial2_description/environment/path.dsv
[0.130s] -- Up-to-date: /home/lenovo/ultramotive_ws/install/cobot_trial2_description/share/cobot_trial2_description/local_setup.bash
[0.130s] -- Up-to-date: /home/lenovo/ultramotive_ws/install/cobot_trial2_description/share/cobot_trial2_description/local_setup.sh
[0.130s] -- Up-to-date: /home/lenovo/ultramotive_ws/install/cobot_trial2_description/share/cobot_trial2_description/local_setup.zsh
[0.130s] -- Up-to-date: /home/lenovo/ultramotive_ws/install/cobot_trial2_description/share/cobot_trial2_description/local_setup.dsv
[0.130s] -- Up-to-date: /home/lenovo/ultramotive_ws/install/cobot_trial2_description/share/cobot_trial2_description/package.dsv
[0.131s] -- Up-to-date: /home/lenovo/ultramotive_ws/install/cobot_trial2_description/share/ament_index/resource_index/packages/cobot_trial2_description
[0.131s] -- Up-to-date: /home/lenovo/ultramotive_ws/install/cobot_trial2_description/share/cobot_trial2_description/cmake/cobot_trial2_descriptionConfig.cmake
[0.131s] -- Up-to-date: /home/lenovo/ultramotive_ws/install/cobot_trial2_description/share/cobot_trial2_description/cmake/cobot_trial2_descriptionConfig-version.cmake
[0.131s] -- Up-to-date: /home/lenovo/ultramotive_ws/install/cobot_trial2_description/share/cobot_trial2_description/package.xml
[0.132s] Invoked command in '/home/lenovo/ultramotive_ws/build/cobot_trial2_description' returned '0': CMAKE_PREFIX_PATH=${CMAKE_PREFIX_PATH}:/opt/ros/humble /usr/bin/cmake --install /home/lenovo/ultramotive_ws/build/cobot_trial2_description
